<?xml version="1.0" encoding="UTF-8"?>
<coverage generated="1710198209544" clover="3.2.0">
  <project timestamp="1710198209544" name="All files">
    <metrics statements="40" coveredstatements="25" conditionals="12" coveredconditionals="3" methods="18" coveredmethods="10" elements="70" coveredelements="38" complexity="0" loc="40" ncloc="40" packages="8" files="9" classes="9"/>
    <package name="features.toggleFilterButton.model">
      <metrics statements="7" coveredstatements="0" conditionals="6" coveredconditionals="0" methods="2" coveredmethods="0"/>
      <file name="toggleAttribute.ts" path="C:\Users\asror\OneDrive\Рабочий стол\shodon-store\client\src\features\toggleFilterButton\model\toggleAttribute.ts">
        <metrics statements="7" coveredstatements="0" conditionals="6" coveredconditionals="0" methods="2" coveredmethods="0"/>
        <line num="9" count="0" type="stmt"/>
        <line num="10" count="0" type="stmt"/>
        <line num="12" count="0" type="cond" truecount="0" falsecount="2"/>
        <line num="13" count="0" type="cond" truecount="0" falsecount="2"/>
        <line num="14" count="0" type="stmt"/>
        <line num="17" count="0" type="cond" truecount="0" falsecount="2"/>
        <line num="22" count="0" type="stmt"/>
      </file>
    </package>
    <package name="features.toggleFilterButton.ui">
      <metrics statements="4" coveredstatements="3" conditionals="0" coveredconditionals="0" methods="2" coveredmethods="1"/>
      <file name="toggleFilterButton.tsx" path="C:\Users\asror\OneDrive\Рабочий стол\shodon-store\client\src\features\toggleFilterButton\ui\toggleFilterButton.tsx">
        <metrics statements="4" coveredstatements="3" conditionals="0" coveredconditionals="0" methods="2" coveredmethods="1"/>
        <line num="14" count="1" type="stmt"/>
        <line num="15" count="12" type="stmt"/>
        <line num="17" count="12" type="stmt"/>
        <line num="24" count="0" type="stmt"/>
      </file>
    </package>
    <package name="shared.api">
      <metrics statements="4" coveredstatements="3" conditionals="0" coveredconditionals="0" methods="1" coveredmethods="0"/>
      <file name="filterApi.ts" path="C:\Users\asror\OneDrive\Рабочий стол\shodon-store\client\src\shared\api\filterApi.ts">
        <metrics statements="1" coveredstatements="0" conditionals="0" coveredconditionals="0" methods="1" coveredmethods="0"/>
        <line num="7" count="0" type="stmt"/>
      </file>
      <file name="generalApi.ts" path="C:\Users\asror\OneDrive\Рабочий стол\shodon-store\client\src\shared\api\generalApi.ts">
        <metrics statements="3" coveredstatements="3" conditionals="0" coveredconditionals="0" methods="0" coveredmethods="0"/>
        <line num="3" count="1" type="stmt"/>
        <line num="7" count="1" type="stmt"/>
        <line num="13" count="1" type="stmt"/>
      </file>
    </package>
    <package name="shared.lib.classNames">
      <metrics statements="3" coveredstatements="3" conditionals="2" coveredconditionals="1" methods="3" coveredmethods="3"/>
      <file name="classNames.ts" path="C:\Users\asror\OneDrive\Рабочий стол\shodon-store\client\src\shared\lib\classNames\classNames.ts">
        <metrics statements="3" coveredstatements="3" conditionals="2" coveredconditionals="1" methods="3" coveredmethods="3"/>
        <line num="8" count="26" type="stmt"/>
        <line num="11" count="24" type="stmt"/>
        <line num="12" count="12" type="stmt"/>
      </file>
    </package>
    <package name="shared.lib.useGetFilter">
      <metrics statements="5" coveredstatements="1" conditionals="0" coveredconditionals="0" methods="2" coveredmethods="0"/>
      <file name="useGetFilter.tsx" path="C:\Users\asror\OneDrive\Рабочий стол\shodon-store\client\src\shared\lib\useGetFilter\useGetFilter.tsx">
        <metrics statements="5" coveredstatements="1" conditionals="0" coveredconditionals="0" methods="2" coveredmethods="0"/>
        <line num="4" count="1" type="stmt"/>
        <line num="5" count="0" type="stmt"/>
        <line num="8" count="0" type="stmt"/>
        <line num="9" count="0" type="stmt"/>
        <line num="13" count="0" type="stmt"/>
      </file>
    </package>
    <package name="shared.ui.Button">
      <metrics statements="2" coveredstatements="2" conditionals="0" coveredconditionals="0" methods="1" coveredmethods="1"/>
      <file name="Button.tsx" path="C:\Users\asror\OneDrive\Рабочий стол\shodon-store\client\src\shared\ui\Button\Button.tsx">
        <metrics statements="2" coveredstatements="2" conditionals="0" coveredconditionals="0" methods="1" coveredmethods="1"/>
        <line num="16" count="1" type="stmt"/>
        <line num="17" count="12" type="stmt"/>
      </file>
    </package>
    <package name="widgets.Sidebar.model">
      <metrics statements="1" coveredstatements="1" conditionals="2" coveredconditionals="1" methods="1" coveredmethods="1"/>
      <file name="checkFilterStatus.ts" path="C:\Users\asror\OneDrive\Рабочий стол\shodon-store\client\src\widgets\Sidebar\model\checkFilterStatus.ts">
        <metrics statements="1" coveredstatements="1" conditionals="2" coveredconditionals="1" methods="1" coveredmethods="1"/>
        <line num="8" count="12" type="cond" truecount="1" falsecount="1"/>
      </file>
    </package>
    <package name="widgets.Sidebar.ui">
      <metrics statements="14" coveredstatements="12" conditionals="2" coveredconditionals="1" methods="6" coveredmethods="4"/>
      <file name="Sidebar.tsx" path="C:\Users\asror\OneDrive\Рабочий стол\shodon-store\client\src\widgets\Sidebar\ui\Sidebar.tsx">
        <metrics statements="14" coveredstatements="12" conditionals="2" coveredconditionals="1" methods="6" coveredmethods="4"/>
        <line num="21" count="1" type="stmt"/>
        <line num="22" count="2" type="stmt"/>
        <line num="23" count="2" type="stmt"/>
        <line num="25" count="2" type="stmt"/>
        <line num="27" count="2" type="stmt"/>
        <line num="29" count="2" type="stmt"/>
        <line num="30" count="1" type="stmt"/>
        <line num="33" count="2" type="cond" truecount="1" falsecount="1"/>
        <line num="34" count="0" type="stmt"/>
        <line num="38" count="0" type="stmt"/>
        <line num="41" count="2" type="stmt"/>
        <line num="44" count="6" type="stmt"/>
        <line num="49" count="12" type="stmt"/>
        <line num="51" count="12" type="stmt"/>
      </file>
    </package>
  </project>
</coverage>
