{"C:\\Users\\asror\\OneDrive\\Рабочий стол\\shodon-store\\client\\config\\jest\\svg.tsx": {"path":"C:\\Users\\asror\\OneDrive\\Рабочий стол\\shodon-store\\client\\config\\jest\\svg.tsx","statementMap":{"0":{"start":{"line":2,"column":1},"end":{"line":2,"column":16}},"1":{"start":{"line":4,"column":30},"end":{"line":4,"column":35}}},"fnMap":{"0":{"name":"(anonymous_0)","decl":{"start":{"line":1,"column":15},"end":{"line":1,"column":16}},"loc":{"start":{"line":1,"column":21},"end":{"line":3,"column":1}},"line":1}},"branchMap":{},"s":{"0":111,"1":15},"f":{"0":111},"b":{},"_coverageSchema":"1a1c01bbd47fc00a2c39e90264f33305004495a9","hash":"56d0944ea6e1de66b47a2740ccfe7e5f37f1b514"}
,"C:\\Users\\asror\\OneDrive\\Рабочий стол\\shodon-store\\client\\src\\app\\App.tsx": {"path":"C:\\Users\\asror\\OneDrive\\Рабочий стол\\shodon-store\\client\\src\\app\\App.tsx","statementMap":{"0":{"start":{"line":6,"column":12},"end":{"line":19,"column":1}},"1":{"start":{"line":7,"column":19},"end":{"line":7,"column":29}},"2":{"start":{"line":9,"column":1},"end":{"line":18,"column":3}}},"fnMap":{"0":{"name":"(anonymous_0)","decl":{"start":{"line":6,"column":12},"end":{"line":6,"column":13}},"loc":{"start":{"line":6,"column":18},"end":{"line":19,"column":1}},"line":6}},"branchMap":{},"s":{"0":6,"1":17,"2":17},"f":{"0":17},"b":{},"_coverageSchema":"1a1c01bbd47fc00a2c39e90264f33305004495a9","hash":"699f73c65b80cc1d74062824b9440b7f12996953"}
,"C:\\Users\\asror\\OneDrive\\Рабочий стол\\shodon-store\\client\\src\\app\\providers\\redux\\index.ts": {"path":"C:\\Users\\asror\\OneDrive\\Рабочий стол\\shodon-store\\client\\src\\app\\providers\\redux\\index.ts","statementMap":{},"fnMap":{},"branchMap":{},"s":{},"f":{},"b":{},"_coverageSchema":"1a1c01bbd47fc00a2c39e90264f33305004495a9","hash":"2d46f9c0f3676f9de2c40e6784d5f8c16769d8f8"}
,"C:\\Users\\asror\\OneDrive\\Рабочий стол\\shodon-store\\client\\src\\app\\providers\\redux\\ui\\redux.ts": {"path":"C:\\Users\\asror\\OneDrive\\Рабочий стол\\shodon-store\\client\\src\\app\\providers\\redux\\ui\\redux.ts","statementMap":{"0":{"start":{"line":4,"column":14},"end":{"line":8,"column":2}}},"fnMap":{},"branchMap":{},"s":{"0":7},"f":{},"b":{},"_coverageSchema":"1a1c01bbd47fc00a2c39e90264f33305004495a9","hash":"00fd753284d425159a1cbd53fa019df875e51084"}
,"C:\\Users\\asror\\OneDrive\\Рабочий стол\\shodon-store\\client\\src\\app\\providers\\redux\\ui\\userSlice.ts": {"path":"C:\\Users\\asror\\OneDrive\\Рабочий стол\\shodon-store\\client\\src\\app\\providers\\redux\\ui\\userSlice.ts","statementMap":{"0":{"start":{"line":8,"column":21},"end":{"line":8,"column":31}},"1":{"start":{"line":9,"column":18},"end":{"line":9,"column":25}},"2":{"start":{"line":11,"column":27},"end":{"line":14,"column":1}},"3":{"start":{"line":16,"column":25},"end":{"line":34,"column":2}},"4":{"start":{"line":22,"column":3},"end":{"line":22,"column":38}},"5":{"start":{"line":23,"column":3},"end":{"line":23,"column":44}},"6":{"start":{"line":24,"column":3},"end":{"line":24,"column":48}},"7":{"start":{"line":25,"column":3},"end":{"line":25,"column":54}},"8":{"start":{"line":28,"column":3},"end":{"line":28,"column":38}},"9":{"start":{"line":29,"column":3},"end":{"line":29,"column":41}},"10":{"start":{"line":30,"column":3},"end":{"line":30,"column":23}},"11":{"start":{"line":31,"column":3},"end":{"line":31,"column":20}},"12":{"start":{"line":36,"column":33},"end":{"line":36,"column":50}}},"fnMap":{"0":{"name":"(anonymous_0)","decl":{"start":{"line":21,"column":2},"end":{"line":21,"column":3}},"loc":{"start":{"line":21,"column":44},"end":{"line":26,"column":3}},"line":21},"1":{"name":"(anonymous_1)","decl":{"start":{"line":27,"column":2},"end":{"line":27,"column":3}},"loc":{"start":{"line":27,"column":16},"end":{"line":32,"column":3}},"line":27}},"branchMap":{"0":{"loc":{"start":{"line":12,"column":11},"end":{"line":12,"column":51}},"type":"binary-expr","locations":[{"start":{"line":12,"column":11},"end":{"line":12,"column":45}},{"start":{"line":12,"column":49},"end":{"line":12,"column":51}}],"line":12},"1":{"loc":{"start":{"line":13,"column":8},"end":{"line":13,"column":45}},"type":"binary-expr","locations":[{"start":{"line":13,"column":8},"end":{"line":13,"column":39}},{"start":{"line":13,"column":43},"end":{"line":13,"column":45}}],"line":13}},"s":{"0":7,"1":7,"2":7,"3":7,"4":0,"5":0,"6":0,"7":0,"8":0,"9":0,"10":0,"11":0,"12":7},"f":{"0":0,"1":0},"b":{"0":[7,7],"1":[7,7]},"_coverageSchema":"1a1c01bbd47fc00a2c39e90264f33305004495a9","hash":"1a951af48cdc40718ee66dc0512e8e02fb56cadc"}
,"C:\\Users\\asror\\OneDrive\\Рабочий стол\\shodon-store\\client\\src\\app\\providers\\routes\\ui\\AppRouter.tsx": {"path":"C:\\Users\\asror\\OneDrive\\Рабочий стол\\shodon-store\\client\\src\\app\\providers\\routes\\ui\\AppRouter.tsx","statementMap":{"0":{"start":{"line":5,"column":18},"end":{"line":17,"column":1}},"1":{"start":{"line":6,"column":1},"end":{"line":16,"column":3}},"2":{"start":{"line":10,"column":5},"end":{"line":12,"column":7}}},"fnMap":{"0":{"name":"(anonymous_0)","decl":{"start":{"line":5,"column":18},"end":{"line":5,"column":19}},"loc":{"start":{"line":5,"column":24},"end":{"line":17,"column":1}},"line":5},"1":{"name":"(anonymous_1)","decl":{"start":{"line":9,"column":36},"end":{"line":9,"column":37}},"loc":{"start":{"line":9,"column":44},"end":{"line":13,"column":5}},"line":9}},"branchMap":{},"s":{"0":7,"1":18,"2":72},"f":{"0":18,"1":72},"b":{},"_coverageSchema":"1a1c01bbd47fc00a2c39e90264f33305004495a9","hash":"9491e48f834017b3013e506385ae6cf1cb9444a4"}
,"C:\\Users\\asror\\OneDrive\\Рабочий стол\\shodon-store\\client\\src\\app\\providers\\tanstack-query\\index.ts": {"path":"C:\\Users\\asror\\OneDrive\\Рабочий стол\\shodon-store\\client\\src\\app\\providers\\tanstack-query\\index.ts","statementMap":{},"fnMap":{},"branchMap":{},"s":{},"f":{},"b":{},"_coverageSchema":"1a1c01bbd47fc00a2c39e90264f33305004495a9","hash":"ea6f4dd70cd78658abb418695d69b934cc412fbd"}
,"C:\\Users\\asror\\OneDrive\\Рабочий стол\\shodon-store\\client\\src\\app\\providers\\tanstack-query\\ui\\tanstack-query.tsx": {"path":"C:\\Users\\asror\\OneDrive\\Рабочий стол\\shodon-store\\client\\src\\app\\providers\\tanstack-query\\ui\\tanstack-query.tsx","statementMap":{"0":{"start":{"line":4,"column":20},"end":{"line":10,"column":2}},"1":{"start":{"line":16,"column":40},"end":{"line":20,"column":1}},"2":{"start":{"line":17,"column":1},"end":{"line":19,"column":3}}},"fnMap":{"0":{"name":"(anonymous_0)","decl":{"start":{"line":16,"column":40},"end":{"line":16,"column":41}},"loc":{"start":{"line":16,"column":58},"end":{"line":20,"column":1}},"line":16}},"branchMap":{},"s":{"0":7,"1":7,"2":16},"f":{"0":16},"b":{},"_coverageSchema":"1a1c01bbd47fc00a2c39e90264f33305004495a9","hash":"948e2975ac5c479e5feecf676a85df78ecf4605f"}
,"C:\\Users\\asror\\OneDrive\\Рабочий стол\\shodon-store\\client\\src\\app\\tests\\helpers\\renderTestApp.tsx": {"path":"C:\\Users\\asror\\OneDrive\\Рабочий стол\\shodon-store\\client\\src\\app\\tests\\helpers\\renderTestApp.tsx","statementMap":{"0":{"start":{"line":11,"column":0},"end":{"line":11,"column":31}},"1":{"start":{"line":13,"column":22},"end":{"line":30,"column":1}},"2":{"start":{"line":17,"column":1},"end":{"line":17,"column":58}},"3":{"start":{"line":18,"column":1},"end":{"line":29,"column":3}}},"fnMap":{"0":{"name":"(anonymous_0)","decl":{"start":{"line":13,"column":22},"end":{"line":13,"column":23}},"loc":{"start":{"line":16,"column":5},"end":{"line":30,"column":1}},"line":16}},"branchMap":{"0":{"loc":{"start":{"line":14,"column":1},"end":{"line":14,"column":28}},"type":"default-arg","locations":[{"start":{"line":14,"column":25},"end":{"line":14,"column":28}}],"line":14},"1":{"loc":{"start":{"line":15,"column":1},"end":{"line":15,"column":35}},"type":"default-arg","locations":[{"start":{"line":15,"column":24},"end":{"line":15,"column":35}}],"line":15}},"s":{"0":6,"1":6,"2":15,"3":15},"f":{"0":15},"b":{"0":[2],"1":[15]},"_coverageSchema":"1a1c01bbd47fc00a2c39e90264f33305004495a9","hash":"88b1ceee75dcafce4e8a6f7e853bc052524d9f6f"}
,"C:\\Users\\asror\\OneDrive\\Рабочий стол\\shodon-store\\client\\src\\app\\theme\\ThemeContext.ts": {"path":"C:\\Users\\asror\\OneDrive\\Рабочий стол\\shodon-store\\client\\src\\app\\theme\\ThemeContext.ts","statementMap":{"0":{"start":{"line":13,"column":28},"end":{"line":13,"column":64}},"1":{"start":{"line":15,"column":39},"end":{"line":15,"column":46}}},"fnMap":{},"branchMap":{},"s":{"0":14,"1":14},"f":{},"b":{},"_coverageSchema":"1a1c01bbd47fc00a2c39e90264f33305004495a9","hash":"e886d2a201e19f801926169fbf98859c67470184"}
,"C:\\Users\\asror\\OneDrive\\Рабочий стол\\shodon-store\\client\\src\\app\\theme\\ThemeProvider.tsx": {"path":"C:\\Users\\asror\\OneDrive\\Рабочий стол\\shodon-store\\client\\src\\app\\theme\\ThemeProvider.tsx","statementMap":{"0":{"start":{"line":5,"column":1},"end":{"line":5,"column":73}},"1":{"start":{"line":11,"column":33},"end":{"line":22,"column":1}},"2":{"start":{"line":12,"column":27},"end":{"line":12,"column":56}},"3":{"start":{"line":13,"column":22},"end":{"line":15,"column":12}},"4":{"start":{"line":14,"column":2},"end":{"line":14,"column":46}},"5":{"start":{"line":17,"column":1},"end":{"line":21,"column":3}}},"fnMap":{"0":{"name":"(anonymous_0)","decl":{"start":{"line":11,"column":33},"end":{"line":11,"column":34}},"loc":{"start":{"line":11,"column":51},"end":{"line":22,"column":1}},"line":11},"1":{"name":"(anonymous_1)","decl":{"start":{"line":13,"column":30},"end":{"line":13,"column":31}},"loc":{"start":{"line":13,"column":36},"end":{"line":15,"column":2}},"line":13}},"branchMap":{"0":{"loc":{"start":{"line":5,"column":1},"end":{"line":5,"column":73}},"type":"binary-expr","locations":[{"start":{"line":5,"column":2},"end":{"line":5,"column":56}},{"start":{"line":5,"column":61},"end":{"line":5,"column":73}}],"line":5}},"s":{"0":6,"1":6,"2":17,"3":17,"4":17,"5":17},"f":{"0":17,"1":17},"b":{"0":[6,6]},"_coverageSchema":"1a1c01bbd47fc00a2c39e90264f33305004495a9","hash":"3cc6008b4ca0b69427626018b2cf05d93caab9a5"}
,"C:\\Users\\asror\\OneDrive\\Рабочий стол\\shodon-store\\client\\src\\app\\types\\filter.ts": {"path":"C:\\Users\\asror\\OneDrive\\Рабочий стол\\shodon-store\\client\\src\\app\\types\\filter.ts","statementMap":{},"fnMap":{},"branchMap":{},"s":{},"f":{},"b":{},"_coverageSchema":"1a1c01bbd47fc00a2c39e90264f33305004495a9","hash":"9eada5e082eb085fe4589931212a49bd6e10e1ad"}
,"C:\\Users\\asror\\OneDrive\\Рабочий стол\\shodon-store\\client\\src\\app\\types\\memo.ts": {"path":"C:\\Users\\asror\\OneDrive\\Рабочий стол\\shodon-store\\client\\src\\app\\types\\memo.ts","statementMap":{"0":{"start":{"line":3,"column":36},"end":{"line":3,"column":46}}},"fnMap":{},"branchMap":{},"s":{"0":8},"f":{},"b":{},"_coverageSchema":"1a1c01bbd47fc00a2c39e90264f33305004495a9","hash":"fb03dbb85ee32556bed09162430eaccb980896c2"}
,"C:\\Users\\asror\\OneDrive\\Рабочий стол\\shodon-store\\client\\src\\entities\\Filter\\Sort\\index.ts": {"path":"C:\\Users\\asror\\OneDrive\\Рабочий стол\\shodon-store\\client\\src\\entities\\Filter\\Sort\\index.ts","statementMap":{},"fnMap":{},"branchMap":{},"s":{},"f":{},"b":{},"_coverageSchema":"1a1c01bbd47fc00a2c39e90264f33305004495a9","hash":"0e9c28a62b8aa8129d73bddd0c8472191a9f1980"}
,"C:\\Users\\asror\\OneDrive\\Рабочий стол\\shodon-store\\client\\src\\entities\\Filter\\Sort\\model\\sortValues.ts": {"path":"C:\\Users\\asror\\OneDrive\\Рабочий стол\\shodon-store\\client\\src\\entities\\Filter\\Sort\\model\\sortValues.ts","statementMap":{"0":{"start":{"line":3,"column":31},"end":{"line":24,"column":1}}},"fnMap":{},"branchMap":{},"s":{"0":8},"f":{},"b":{},"_coverageSchema":"1a1c01bbd47fc00a2c39e90264f33305004495a9","hash":"f0149278b9ff9a06bc2609c079212592965d3fda"}
,"C:\\Users\\asror\\OneDrive\\Рабочий стол\\shodon-store\\client\\src\\entities\\Filter\\Sort\\ui\\Sort.tsx": {"path":"C:\\Users\\asror\\OneDrive\\Рабочий стол\\shodon-store\\client\\src\\entities\\Filter\\Sort\\ui\\Sort.tsx","statementMap":{"0":{"start":{"line":13,"column":28},"end":{"line":37,"column":2}},"1":{"start":{"line":14,"column":43},"end":{"line":16,"column":2}},"2":{"start":{"line":18,"column":1},"end":{"line":26,"column":21}},"3":{"start":{"line":19,"column":2},"end":{"line":25,"column":5}},"4":{"start":{"line":20,"column":23},"end":{"line":20,"column":37}},"5":{"start":{"line":22,"column":3},"end":{"line":22,"column":38}},"6":{"start":{"line":24,"column":3},"end":{"line":24,"column":22}},"7":{"start":{"line":27,"column":1},"end":{"line":36,"column":3}}},"fnMap":{"0":{"name":"(anonymous_0)","decl":{"start":{"line":13,"column":33},"end":{"line":13,"column":34}},"loc":{"start":{"line":13,"column":60},"end":{"line":37,"column":1}},"line":13},"1":{"name":"(anonymous_1)","decl":{"start":{"line":18,"column":11},"end":{"line":18,"column":12}},"loc":{"start":{"line":18,"column":17},"end":{"line":26,"column":2}},"line":18},"2":{"name":"(anonymous_2)","decl":{"start":{"line":19,"column":12},"end":{"line":19,"column":13}},"loc":{"start":{"line":19,"column":23},"end":{"line":25,"column":3}},"line":19}},"branchMap":{"0":{"loc":{"start":{"line":15,"column":2},"end":{"line":15,"column":37}},"type":"binary-expr","locations":[{"start":{"line":15,"column":2},"end":{"line":15,"column":18}},{"start":{"line":15,"column":22},"end":{"line":15,"column":37}}],"line":15}},"s":{"0":8,"1":11,"2":11,"3":6,"4":5,"5":5,"6":5,"7":11},"f":{"0":11,"1":6,"2":5},"b":{"0":[11,6]},"_coverageSchema":"1a1c01bbd47fc00a2c39e90264f33305004495a9","hash":"f1738f83855ba7c7d5ff6cdac3c1fba03e1c1afc"}
,"C:\\Users\\asror\\OneDrive\\Рабочий стол\\shodon-store\\client\\src\\entities\\Products\\Attributes\\index.ts": {"path":"C:\\Users\\asror\\OneDrive\\Рабочий стол\\shodon-store\\client\\src\\entities\\Products\\Attributes\\index.ts","statementMap":{},"fnMap":{},"branchMap":{},"s":{},"f":{},"b":{},"_coverageSchema":"1a1c01bbd47fc00a2c39e90264f33305004495a9","hash":"e421d78af0fc4ec8b14f2a701b74c77d20a89b38"}
,"C:\\Users\\asror\\OneDrive\\Рабочий стол\\shodon-store\\client\\src\\entities\\Products\\Attributes\\ui\\Attributes.tsx": {"path":"C:\\Users\\asror\\OneDrive\\Рабочий стол\\shodon-store\\client\\src\\entities\\Products\\Attributes\\ui\\Attributes.tsx","statementMap":{"0":{"start":{"line":9,"column":40},"end":{"line":24,"column":1}},"1":{"start":{"line":10,"column":1},"end":{"line":23,"column":3}},"2":{"start":{"line":13,"column":4},"end":{"line":20,"column":6}}},"fnMap":{"0":{"name":"(anonymous_0)","decl":{"start":{"line":9,"column":40},"end":{"line":9,"column":41}},"loc":{"start":{"line":9,"column":60},"end":{"line":24,"column":1}},"line":9},"1":{"name":"(anonymous_1)","decl":{"start":{"line":12,"column":19},"end":{"line":12,"column":20}},"loc":{"start":{"line":12,"column":27},"end":{"line":21,"column":4}},"line":12}},"branchMap":{},"s":{"0":7,"1":6,"2":9},"f":{"0":6,"1":9},"b":{},"_coverageSchema":"1a1c01bbd47fc00a2c39e90264f33305004495a9","hash":"7af0634b9998af72cb278bb15d0dd50316950a44"}
,"C:\\Users\\asror\\OneDrive\\Рабочий стол\\shodon-store\\client\\src\\entities\\Products\\Rate\\index.ts": {"path":"C:\\Users\\asror\\OneDrive\\Рабочий стол\\shodon-store\\client\\src\\entities\\Products\\Rate\\index.ts","statementMap":{},"fnMap":{},"branchMap":{},"s":{},"f":{},"b":{},"_coverageSchema":"1a1c01bbd47fc00a2c39e90264f33305004495a9","hash":"ae7bdd2fe243ef2c1a8a7d77835323add8b341b1"}
,"C:\\Users\\asror\\OneDrive\\Рабочий стол\\shodon-store\\client\\src\\entities\\Products\\Rate\\ui\\Rate.tsx": {"path":"C:\\Users\\asror\\OneDrive\\Рабочий стол\\shodon-store\\client\\src\\entities\\Products\\Rate\\ui\\Rate.tsx","statementMap":{"0":{"start":{"line":9,"column":28},"end":{"line":29,"column":1}},"1":{"start":{"line":10,"column":15},"end":{"line":10,"column":17}},"2":{"start":{"line":12,"column":1},"end":{"line":14,"column":2}},"3":{"start":{"line":12,"column":14},"end":{"line":12,"column":15}},"4":{"start":{"line":13,"column":2},"end":{"line":13,"column":55}},"5":{"start":{"line":16,"column":1},"end":{"line":28,"column":3}},"6":{"start":{"line":23,"column":22},"end":{"line":23,"column":24}},"7":{"start":{"line":26,"column":20},"end":{"line":26,"column":22}}},"fnMap":{"0":{"name":"(anonymous_0)","decl":{"start":{"line":9,"column":28},"end":{"line":9,"column":29}},"loc":{"start":{"line":9,"column":42},"end":{"line":29,"column":1}},"line":9},"1":{"name":"(anonymous_1)","decl":{"start":{"line":23,"column":16},"end":{"line":23,"column":17}},"loc":{"start":{"line":23,"column":22},"end":{"line":23,"column":24}},"line":23},"2":{"name":"(anonymous_2)","decl":{"start":{"line":26,"column":14},"end":{"line":26,"column":15}},"loc":{"start":{"line":26,"column":20},"end":{"line":26,"column":22}},"line":26}},"branchMap":{"0":{"loc":{"start":{"line":21,"column":30},"end":{"line":21,"column":51}},"type":"cond-expr","locations":[{"start":{"line":21,"column":43},"end":{"line":21,"column":44}},{"start":{"line":21,"column":47},"end":{"line":21,"column":51}}],"line":21}},"s":{"0":7,"1":6,"2":6,"3":6,"4":30,"5":6,"6":30,"7":30},"f":{"0":6,"1":30,"2":30},"b":{"0":[0,6]},"_coverageSchema":"1a1c01bbd47fc00a2c39e90264f33305004495a9","hash":"9b1ace8e41b35195bb658b1830b823cc6f52a637"}
,"C:\\Users\\asror\\OneDrive\\Рабочий стол\\shodon-store\\client\\src\\entities\\Products\\Reviews\\index.ts": {"path":"C:\\Users\\asror\\OneDrive\\Рабочий стол\\shodon-store\\client\\src\\entities\\Products\\Reviews\\index.ts","statementMap":{},"fnMap":{},"branchMap":{},"s":{},"f":{},"b":{},"_coverageSchema":"1a1c01bbd47fc00a2c39e90264f33305004495a9","hash":"bbc367fb1307ec177e4c577cdbbf13c06b06da56"}
,"C:\\Users\\asror\\OneDrive\\Рабочий стол\\shodon-store\\client\\src\\entities\\Products\\Reviews\\ui\\Reviews.tsx": {"path":"C:\\Users\\asror\\OneDrive\\Рабочий стол\\shodon-store\\client\\src\\entities\\Products\\Reviews\\ui\\Reviews.tsx","statementMap":{"0":{"start":{"line":7,"column":34},"end":{"line":9,"column":1}},"1":{"start":{"line":8,"column":1},"end":{"line":8,"column":37}}},"fnMap":{"0":{"name":"(anonymous_0)","decl":{"start":{"line":7,"column":34},"end":{"line":7,"column":35}},"loc":{"start":{"line":7,"column":51},"end":{"line":9,"column":1}},"line":7}},"branchMap":{},"s":{"0":7,"1":6},"f":{"0":6},"b":{},"_coverageSchema":"1a1c01bbd47fc00a2c39e90264f33305004495a9","hash":"6938af8507742c78971f95dfabfd64da4b5ca4cc"}
,"C:\\Users\\asror\\OneDrive\\Рабочий стол\\shodon-store\\client\\src\\features\\toggleFilterButton\\model\\toggleAttribute.ts": {"path":"C:\\Users\\asror\\OneDrive\\Рабочий стол\\shodon-store\\client\\src\\features\\toggleFilterButton\\model\\toggleAttribute.ts","statementMap":{"0":{"start":{"line":10,"column":43},"end":{"line":18,"column":1}},"1":{"start":{"line":11,"column":32},"end":{"line":11,"column":41}},"2":{"start":{"line":13,"column":1},"end":{"line":17,"column":2}},"3":{"start":{"line":14,"column":2},"end":{"line":14,"column":54}},"4":{"start":{"line":16,"column":2},"end":{"line":16,"column":54}},"5":{"start":{"line":25,"column":19},"end":{"line":25,"column":33}},"6":{"start":{"line":27,"column":1},"end":{"line":31,"column":2}},"7":{"start":{"line":28,"column":2},"end":{"line":28,"column":32}},"8":{"start":{"line":30,"column":2},"end":{"line":30,"column":30}},"9":{"start":{"line":33,"column":1},"end":{"line":33,"column":18}},"10":{"start":{"line":41,"column":20},"end":{"line":41,"column":34}},"11":{"start":{"line":42,"column":1},"end":{"line":46,"column":2}},"12":{"start":{"line":43,"column":2},"end":{"line":43,"column":68}},"13":{"start":{"line":43,"column":49},"end":{"line":43,"column":66}},"14":{"start":{"line":45,"column":2},"end":{"line":45,"column":23}},"15":{"start":{"line":48,"column":1},"end":{"line":48,"column":19}}},"fnMap":{"0":{"name":"(anonymous_0)","decl":{"start":{"line":10,"column":43},"end":{"line":10,"column":44}},"loc":{"start":{"line":10,"column":76},"end":{"line":18,"column":1}},"line":10},"1":{"name":"addNewAttribute","decl":{"start":{"line":20,"column":9},"end":{"line":20,"column":24}},"loc":{"start":{"line":24,"column":14},"end":{"line":34,"column":1}},"line":24},"2":{"name":"deleteAttribute","decl":{"start":{"line":36,"column":9},"end":{"line":36,"column":24}},"loc":{"start":{"line":40,"column":14},"end":{"line":49,"column":1}},"line":40},"3":{"name":"(anonymous_3)","decl":{"start":{"line":43,"column":43},"end":{"line":43,"column":44}},"loc":{"start":{"line":43,"column":49},"end":{"line":43,"column":66}},"line":43}},"branchMap":{"0":{"loc":{"start":{"line":13,"column":1},"end":{"line":17,"column":2}},"type":"if","locations":[{"start":{"line":13,"column":1},"end":{"line":17,"column":2}},{"start":{"line":15,"column":8},"end":{"line":17,"column":2}}],"line":13},"1":{"loc":{"start":{"line":27,"column":1},"end":{"line":31,"column":2}},"type":"if","locations":[{"start":{"line":27,"column":1},"end":{"line":31,"column":2}},{"start":{"line":29,"column":8},"end":{"line":31,"column":2}}],"line":27},"2":{"loc":{"start":{"line":42,"column":1},"end":{"line":46,"column":2}},"type":"if","locations":[{"start":{"line":42,"column":1},"end":{"line":46,"column":2}},{"start":{"line":44,"column":8},"end":{"line":46,"column":2}}],"line":42}},"s":{"0":9,"1":4,"2":4,"3":2,"4":2,"5":2,"6":2,"7":1,"8":1,"9":2,"10":2,"11":2,"12":2,"13":2,"14":0,"15":2},"f":{"0":4,"1":2,"2":2,"3":2},"b":{"0":[2,2],"1":[1,1],"2":[2,0]},"_coverageSchema":"1a1c01bbd47fc00a2c39e90264f33305004495a9","hash":"84509ba3acf7c9c7da8491c2d43d1241181366f7"}
,"C:\\Users\\asror\\OneDrive\\Рабочий стол\\shodon-store\\client\\src\\features\\toggleFilterButton\\ui\\toggleFilterButton.tsx": {"path":"C:\\Users\\asror\\OneDrive\\Рабочий стол\\shodon-store\\client\\src\\features\\toggleFilterButton\\ui\\toggleFilterButton.tsx","statementMap":{"0":{"start":{"line":14,"column":56},"end":{"line":31,"column":1}},"1":{"start":{"line":15,"column":65},"end":{"line":15,"column":70}},"2":{"start":{"line":17,"column":1},"end":{"line":30,"column":3}},"3":{"start":{"line":24,"column":4},"end":{"line":24,"column":60}}},"fnMap":{"0":{"name":"(anonymous_0)","decl":{"start":{"line":14,"column":56},"end":{"line":14,"column":57}},"loc":{"start":{"line":14,"column":65},"end":{"line":31,"column":1}},"line":14},"1":{"name":"(anonymous_1)","decl":{"start":{"line":23,"column":12},"end":{"line":23,"column":13}},"loc":{"start":{"line":23,"column":18},"end":{"line":25,"column":4}},"line":23}},"branchMap":{},"s":{"0":8,"1":72,"2":72,"3":0},"f":{"0":72,"1":0},"b":{},"_coverageSchema":"1a1c01bbd47fc00a2c39e90264f33305004495a9","hash":"ff92680447be6472f4f4911b5df8cdb4aeb72bdb"}
,"C:\\Users\\asror\\OneDrive\\Рабочий стол\\shodon-store\\client\\src\\features\\toggleTheme\\index.ts": {"path":"C:\\Users\\asror\\OneDrive\\Рабочий стол\\shodon-store\\client\\src\\features\\toggleTheme\\index.ts","statementMap":{},"fnMap":{},"branchMap":{},"s":{},"f":{},"b":{},"_coverageSchema":"1a1c01bbd47fc00a2c39e90264f33305004495a9","hash":"72656c7a7e453461a87c4ac3b0e67de6ac150489"}
,"C:\\Users\\asror\\OneDrive\\Рабочий стол\\shodon-store\\client\\src\\features\\toggleTheme\\model\\useTheme.tsx": {"path":"C:\\Users\\asror\\OneDrive\\Рабочий стол\\shodon-store\\client\\src\\features\\toggleTheme\\model\\useTheme.tsx","statementMap":{"0":{"start":{"line":13,"column":17},"end":{"line":25,"column":1}},"1":{"start":{"line":14,"column":29},"end":{"line":14,"column":53}},"2":{"start":{"line":15,"column":21},"end":{"line":19,"column":2}},"3":{"start":{"line":16,"column":19},"end":{"line":16,"column":67}},"4":{"start":{"line":17,"column":2},"end":{"line":17,"column":21}},"5":{"start":{"line":18,"column":2},"end":{"line":18,"column":58}},"6":{"start":{"line":21,"column":1},"end":{"line":24,"column":3}}},"fnMap":{"0":{"name":"(anonymous_0)","decl":{"start":{"line":13,"column":17},"end":{"line":13,"column":18}},"loc":{"start":{"line":13,"column":39},"end":{"line":25,"column":1}},"line":13},"1":{"name":"(anonymous_1)","decl":{"start":{"line":15,"column":21},"end":{"line":15,"column":22}},"loc":{"start":{"line":15,"column":27},"end":{"line":19,"column":2}},"line":15}},"branchMap":{"0":{"loc":{"start":{"line":16,"column":19},"end":{"line":16,"column":67}},"type":"cond-expr","locations":[{"start":{"line":16,"column":42},"end":{"line":16,"column":54}},{"start":{"line":16,"column":57},"end":{"line":16,"column":67}}],"line":16}},"s":{"0":14,"1":34,"2":34,"3":2,"4":2,"5":2,"6":34},"f":{"0":34,"1":2},"b":{"0":[1,1]},"_coverageSchema":"1a1c01bbd47fc00a2c39e90264f33305004495a9","hash":"12715736c80dee0290ff80f03a4743ff225cbf2e"}
,"C:\\Users\\asror\\OneDrive\\Рабочий стол\\shodon-store\\client\\src\\features\\toggleTheme\\ui\\ThemeButton.tsx": {"path":"C:\\Users\\asror\\OneDrive\\Рабочий стол\\shodon-store\\client\\src\\features\\toggleTheme\\ui\\ThemeButton.tsx","statementMap":{"0":{"start":{"line":16,"column":42},"end":{"line":33,"column":1}},"1":{"start":{"line":17,"column":32},"end":{"line":17,"column":42}},"2":{"start":{"line":19,"column":44},"end":{"line":22,"column":2}},"3":{"start":{"line":24,"column":1},"end":{"line":32,"column":3}}},"fnMap":{"0":{"name":"(anonymous_0)","decl":{"start":{"line":16,"column":42},"end":{"line":16,"column":43}},"loc":{"start":{"line":16,"column":71},"end":{"line":33,"column":1}},"line":16}},"branchMap":{},"s":{"0":14,"1":17,"2":17,"3":17},"f":{"0":17},"b":{},"_coverageSchema":"1a1c01bbd47fc00a2c39e90264f33305004495a9","hash":"fc53fee5fd8216b4ede021a047865998c7faef7a"}
,"C:\\Users\\asror\\OneDrive\\Рабочий стол\\shodon-store\\client\\src\\pages\\Auth\\index.ts": {"path":"C:\\Users\\asror\\OneDrive\\Рабочий стол\\shodon-store\\client\\src\\pages\\Auth\\index.ts","statementMap":{},"fnMap":{},"branchMap":{},"s":{},"f":{},"b":{},"_coverageSchema":"1a1c01bbd47fc00a2c39e90264f33305004495a9","hash":"9c7fc1f84ab6cb7c6f897c510c83ff299d5d1607"}
,"C:\\Users\\asror\\OneDrive\\Рабочий стол\\shodon-store\\client\\src\\pages\\Auth\\ui\\Auth.tsx": {"path":"C:\\Users\\asror\\OneDrive\\Рабочий стол\\shodon-store\\client\\src\\pages\\Auth\\ui\\Auth.tsx","statementMap":{"0":{"start":{"line":9,"column":13},"end":{"line":47,"column":1}},"1":{"start":{"line":10,"column":41},"end":{"line":10,"column":74}},"2":{"start":{"line":12,"column":19},"end":{"line":14,"column":2}},"3":{"start":{"line":13,"column":2},"end":{"line":13,"column":37}},"4":{"start":{"line":16,"column":36},"end":{"line":25,"column":2}},"5":{"start":{"line":27,"column":1},"end":{"line":46,"column":3}}},"fnMap":{"0":{"name":"(anonymous_0)","decl":{"start":{"line":9,"column":13},"end":{"line":9,"column":14}},"loc":{"start":{"line":9,"column":19},"end":{"line":47,"column":1}},"line":9},"1":{"name":"(anonymous_1)","decl":{"start":{"line":12,"column":19},"end":{"line":12,"column":20}},"loc":{"start":{"line":12,"column":41},"end":{"line":14,"column":2}},"line":12}},"branchMap":{"0":{"loc":{"start":{"line":38,"column":7},"end":{"line":40,"column":17}},"type":"cond-expr","locations":[{"start":{"line":39,"column":10},"end":{"line":39,"column":33}},{"start":{"line":40,"column":10},"end":{"line":40,"column":17}}],"line":38}},"s":{"0":7,"1":11,"2":11,"3":0,"4":11,"5":11},"f":{"0":11,"1":0},"b":{"0":[9,2]},"_coverageSchema":"1a1c01bbd47fc00a2c39e90264f33305004495a9","hash":"7787b6d8b9f012c44f71b908d34319bc852e6700"}
,"C:\\Users\\asror\\OneDrive\\Рабочий стол\\shodon-store\\client\\src\\pages\\Catalog\\index.ts": {"path":"C:\\Users\\asror\\OneDrive\\Рабочий стол\\shodon-store\\client\\src\\pages\\Catalog\\index.ts","statementMap":{},"fnMap":{},"branchMap":{},"s":{},"f":{},"b":{},"_coverageSchema":"1a1c01bbd47fc00a2c39e90264f33305004495a9","hash":"a17dee1fb59c3df05ef183b01447a9ff642e9cfc"}
,"C:\\Users\\asror\\OneDrive\\Рабочий стол\\shodon-store\\client\\src\\pages\\Catalog\\ui\\Catalog.tsx": {"path":"C:\\Users\\asror\\OneDrive\\Рабочий стол\\shodon-store\\client\\src\\pages\\Catalog\\ui\\Catalog.tsx","statementMap":{"0":{"start":{"line":9,"column":24},"end":{"line":45,"column":1}},"1":{"start":{"line":10,"column":54},"end":{"line":10,"column":69}},"2":{"start":{"line":12,"column":1},"end":{"line":16,"column":2}},"3":{"start":{"line":13,"column":2},"end":{"line":15,"column":4}},"4":{"start":{"line":18,"column":1},"end":{"line":20,"column":2}},"5":{"start":{"line":19,"column":2},"end":{"line":19,"column":23}},"6":{"start":{"line":22,"column":1},"end":{"line":24,"column":2}},"7":{"start":{"line":23,"column":2},"end":{"line":23,"column":71}},"8":{"start":{"line":26,"column":1},"end":{"line":44,"column":3}},"9":{"start":{"line":29,"column":4},"end":{"line":41,"column":6}}},"fnMap":{"0":{"name":"(anonymous_0)","decl":{"start":{"line":9,"column":24},"end":{"line":9,"column":25}},"loc":{"start":{"line":9,"column":30},"end":{"line":45,"column":1}},"line":9},"1":{"name":"(anonymous_1)","decl":{"start":{"line":28,"column":16},"end":{"line":28,"column":17}},"loc":{"start":{"line":28,"column":24},"end":{"line":42,"column":4}},"line":28}},"branchMap":{"0":{"loc":{"start":{"line":12,"column":1},"end":{"line":16,"column":2}},"type":"if","locations":[{"start":{"line":12,"column":1},"end":{"line":16,"column":2}},{"start":{},"end":{}}],"line":12},"1":{"loc":{"start":{"line":18,"column":1},"end":{"line":20,"column":2}},"type":"if","locations":[{"start":{"line":18,"column":1},"end":{"line":20,"column":2}},{"start":{},"end":{}}],"line":18},"2":{"loc":{"start":{"line":22,"column":1},"end":{"line":24,"column":2}},"type":"if","locations":[{"start":{"line":22,"column":1},"end":{"line":24,"column":2}},{"start":{},"end":{}}],"line":22},"3":{"loc":{"start":{"line":22,"column":5},"end":{"line":22,"column":37}},"type":"binary-expr","locations":[{"start":{"line":22,"column":5},"end":{"line":22,"column":13}},{"start":{"line":22,"column":17},"end":{"line":22,"column":37}}],"line":22}},"s":{"0":7,"1":6,"2":6,"3":3,"4":3,"5":0,"6":3,"7":0,"8":3,"9":7},"f":{"0":6,"1":7},"b":{"0":[3,3],"1":[0,3],"2":[0,3],"3":[3,3]},"_coverageSchema":"1a1c01bbd47fc00a2c39e90264f33305004495a9","hash":"e477ca0cf3970d52452424e0fa93e9c04c2215dc"}
,"C:\\Users\\asror\\OneDrive\\Рабочий стол\\shodon-store\\client\\src\\pages\\Products\\index.ts": {"path":"C:\\Users\\asror\\OneDrive\\Рабочий стол\\shodon-store\\client\\src\\pages\\Products\\index.ts","statementMap":{},"fnMap":{},"branchMap":{},"s":{},"f":{},"b":{},"_coverageSchema":"1a1c01bbd47fc00a2c39e90264f33305004495a9","hash":"2e77319cae8a90345fc709c64c13452f60f204b7"}
,"C:\\Users\\asror\\OneDrive\\Рабочий стол\\shodon-store\\client\\src\\pages\\Products\\model\\getAllFilterSettings.ts": {"path":"C:\\Users\\asror\\OneDrive\\Рабочий стол\\shodon-store\\client\\src\\pages\\Products\\model\\getAllFilterSettings.ts","statementMap":{"0":{"start":{"line":4,"column":25},"end":{"line":4,"column":27}},"1":{"start":{"line":5,"column":1},"end":{"line":11,"column":4}},"2":{"start":{"line":6,"column":2},"end":{"line":10,"column":3}},"3":{"start":{"line":7,"column":3},"end":{"line":7,"column":24}},"4":{"start":{"line":9,"column":3},"end":{"line":9,"column":22}},"5":{"start":{"line":12,"column":1},"end":{"line":12,"column":12}}},"fnMap":{"0":{"name":"getAllFilterSettings","decl":{"start":{"line":3,"column":9},"end":{"line":3,"column":29}},"loc":{"start":{"line":3,"column":73},"end":{"line":13,"column":1}},"line":3},"1":{"name":"(anonymous_1)","decl":{"start":{"line":5,"column":22},"end":{"line":5,"column":23}},"loc":{"start":{"line":5,"column":38},"end":{"line":11,"column":2}},"line":5}},"branchMap":{"0":{"loc":{"start":{"line":6,"column":2},"end":{"line":10,"column":3}},"type":"if","locations":[{"start":{"line":6,"column":2},"end":{"line":10,"column":3}},{"start":{"line":8,"column":9},"end":{"line":10,"column":3}}],"line":6}},"s":{"0":15,"1":15,"2":5,"3":0,"4":5,"5":15},"f":{"0":15,"1":5},"b":{"0":[0,5]},"_coverageSchema":"1a1c01bbd47fc00a2c39e90264f33305004495a9","hash":"137c0c185a7f64a9e51c51335d620ac4bea84127"}
,"C:\\Users\\asror\\OneDrive\\Рабочий стол\\shodon-store\\client\\src\\pages\\Products\\ui\\Products.tsx": {"path":"C:\\Users\\asror\\OneDrive\\Рабочий стол\\shodon-store\\client\\src\\pages\\Products\\ui\\Products.tsx","statementMap":{"0":{"start":{"line":18,"column":25},"end":{"line":52,"column":1}},"1":{"start":{"line":19,"column":24},"end":{"line":19,"column":41}},"2":{"start":{"line":20,"column":18},"end":{"line":20,"column":37}},"3":{"start":{"line":22,"column":25},"end":{"line":22,"column":59}},"4":{"start":{"line":23,"column":31},"end":{"line":23,"column":68}},"5":{"start":{"line":25,"column":55},"end":{"line":28,"column":2}},"6":{"start":{"line":30,"column":1},"end":{"line":32,"column":15}},"7":{"start":{"line":31,"column":2},"end":{"line":31,"column":12}},"8":{"start":{"line":34,"column":1},"end":{"line":36,"column":2}},"9":{"start":{"line":35,"column":2},"end":{"line":35,"column":23}},"10":{"start":{"line":38,"column":1},"end":{"line":51,"column":3}},"11":{"start":{"line":46,"column":6},"end":{"line":46,"column":57}}},"fnMap":{"0":{"name":"(anonymous_0)","decl":{"start":{"line":18,"column":25},"end":{"line":18,"column":26}},"loc":{"start":{"line":18,"column":31},"end":{"line":52,"column":1}},"line":18},"1":{"name":"(anonymous_1)","decl":{"start":{"line":30,"column":11},"end":{"line":30,"column":12}},"loc":{"start":{"line":30,"column":17},"end":{"line":32,"column":2}},"line":30},"2":{"name":"(anonymous_2)","decl":{"start":{"line":45,"column":15},"end":{"line":45,"column":16}},"loc":{"start":{"line":45,"column":25},"end":{"line":47,"column":6}},"line":45}},"branchMap":{"0":{"loc":{"start":{"line":34,"column":1},"end":{"line":36,"column":2}},"type":"if","locations":[{"start":{"line":34,"column":1},"end":{"line":36,"column":2}},{"start":{},"end":{}}],"line":34},"1":{"loc":{"start":{"line":41,"column":4},"end":{"line":49,"column":4}},"type":"cond-expr","locations":[{"start":{"line":42,"column":4},"end":{"line":42,"column":15}},{"start":{"line":44,"column":4},"end":{"line":48,"column":10}}],"line":41}},"s":{"0":7,"1":15,"2":15,"3":15,"4":15,"5":15,"6":15,"7":10,"8":15,"9":0,"10":15,"11":6},"f":{"0":15,"1":10,"2":6},"b":{"0":[0,15],"1":[9,6]},"_coverageSchema":"1a1c01bbd47fc00a2c39e90264f33305004495a9","hash":"0fbe114eda5c6251cec88969d3ed48ba3c545b7d"}
,"C:\\Users\\asror\\OneDrive\\Рабочий стол\\shodon-store\\client\\src\\shared\\api\\authApi.ts": {"path":"C:\\Users\\asror\\OneDrive\\Рабочий стол\\shodon-store\\client\\src\\shared\\api\\authApi.ts","statementMap":{"0":{"start":{"line":10,"column":2},"end":{"line":16,"column":3}},"1":{"start":{"line":11,"column":3},"end":{"line":13,"column":6}},"2":{"start":{"line":15,"column":3},"end":{"line":15,"column":16}},"3":{"start":{"line":22,"column":2},"end":{"line":26,"column":3}},"4":{"start":{"line":23,"column":3},"end":{"line":23,"column":76}},"5":{"start":{"line":25,"column":3},"end":{"line":25,"column":12}}},"fnMap":{"0":{"name":"(anonymous_0)","decl":{"start":{"line":6,"column":1},"end":{"line":6,"column":2}},"loc":{"start":{"line":9,"column":57},"end":{"line":17,"column":2}},"line":9},"1":{"name":"(anonymous_1)","decl":{"start":{"line":18,"column":1},"end":{"line":18,"column":2}},"loc":{"start":{"line":21,"column":57},"end":{"line":27,"column":2}},"line":21}},"branchMap":{},"s":{"0":0,"1":0,"2":0,"3":0,"4":0,"5":0},"f":{"0":0,"1":0},"b":{},"_coverageSchema":"1a1c01bbd47fc00a2c39e90264f33305004495a9","hash":"7c5e167bb20de4ba9e30325b412f60a032bd2695"}
,"C:\\Users\\asror\\OneDrive\\Рабочий стол\\shodon-store\\client\\src\\shared\\api\\catalogApi.ts": {"path":"C:\\Users\\asror\\OneDrive\\Рабочий стол\\shodon-store\\client\\src\\shared\\api\\catalogApi.ts","statementMap":{"0":{"start":{"line":6,"column":2},"end":{"line":6,"column":62}}},"fnMap":{"0":{"name":"(anonymous_0)","decl":{"start":{"line":5,"column":1},"end":{"line":5,"column":2}},"loc":{"start":{"line":5,"column":20},"end":{"line":7,"column":2}},"line":5}},"branchMap":{},"s":{"0":2},"f":{"0":2},"b":{},"_coverageSchema":"1a1c01bbd47fc00a2c39e90264f33305004495a9","hash":"e3b8cd99e259d57b2ad513319802694df7f0b99a"}
,"C:\\Users\\asror\\OneDrive\\Рабочий стол\\shodon-store\\client\\src\\shared\\api\\filterApi.ts": {"path":"C:\\Users\\asror\\OneDrive\\Рабочий стол\\shodon-store\\client\\src\\shared\\api\\filterApi.ts","statementMap":{"0":{"start":{"line":6,"column":2},"end":{"line":10,"column":5}}},"fnMap":{"0":{"name":"(anonymous_0)","decl":{"start":{"line":5,"column":1},"end":{"line":5,"column":2}},"loc":{"start":{"line":5,"column":31},"end":{"line":11,"column":2}},"line":5}},"branchMap":{},"s":{"0":4},"f":{"0":4},"b":{},"_coverageSchema":"1a1c01bbd47fc00a2c39e90264f33305004495a9","hash":"3d299d1b10a6fbe6447532b0ea3e3455be3c8649"}
,"C:\\Users\\asror\\OneDrive\\Рабочий стол\\shodon-store\\client\\src\\shared\\api\\generalApi.ts": {"path":"C:\\Users\\asror\\OneDrive\\Рабочий стол\\shodon-store\\client\\src\\shared\\api\\generalApi.ts","statementMap":{"0":{"start":{"line":3,"column":25},"end":{"line":3,"column":57}},"1":{"start":{"line":7,"column":15},"end":{"line":12,"column":2}},"2":{"start":{"line":13,"column":14},"end":{"line":15,"column":3}}},"fnMap":{},"branchMap":{},"s":{"0":8,"1":29,"2":29},"f":{},"b":{},"_coverageSchema":"1a1c01bbd47fc00a2c39e90264f33305004495a9","hash":"783a78d8037f13e272b7138cdfa7946fb1ed6b80"}
,"C:\\Users\\asror\\OneDrive\\Рабочий стол\\shodon-store\\client\\src\\shared\\api\\productApi.ts": {"path":"C:\\Users\\asror\\OneDrive\\Рабочий стол\\shodon-store\\client\\src\\shared\\api\\productApi.ts","statementMap":{"0":{"start":{"line":7,"column":14},"end":{"line":12,"column":4}},"1":{"start":{"line":13,"column":2},"end":{"line":13,"column":13}}},"fnMap":{"0":{"name":"(anonymous_0)","decl":{"start":{"line":6,"column":1},"end":{"line":6,"column":2}},"loc":{"start":{"line":6,"column":57},"end":{"line":14,"column":2}},"line":6}},"branchMap":{},"s":{"0":4,"1":1},"f":{"0":4},"b":{},"_coverageSchema":"1a1c01bbd47fc00a2c39e90264f33305004495a9","hash":"cb6832a91c34ba68e97a68433129f0867a751efd"}
,"C:\\Users\\asror\\OneDrive\\Рабочий стол\\shodon-store\\client\\src\\shared\\config\\routeConfig\\routeConfig.tsx": {"path":"C:\\Users\\asror\\OneDrive\\Рабочий стол\\shodon-store\\client\\src\\shared\\config\\routeConfig\\routeConfig.tsx","statementMap":{"0":{"start":{"line":14,"column":52},"end":{"line":19,"column":1}},"1":{"start":{"line":21,"column":58},"end":{"line":38,"column":1}}},"fnMap":{},"branchMap":{},"s":{"0":7,"1":7},"f":{},"b":{},"_coverageSchema":"1a1c01bbd47fc00a2c39e90264f33305004495a9","hash":"575c3a311dbe58b61e4ca872e4734e528e8f2129"}
,"C:\\Users\\asror\\OneDrive\\Рабочий стол\\shodon-store\\client\\src\\shared\\lib\\classNames\\classNames.ts": {"path":"C:\\Users\\asror\\OneDrive\\Рабочий стол\\shodon-store\\client\\src\\shared\\lib\\classNames\\classNames.ts","statementMap":{"0":{"start":{"line":8,"column":1},"end":{"line":14,"column":13}},"1":{"start":{"line":11,"column":26},"end":{"line":11,"column":31}},"2":{"start":{"line":12,"column":19},"end":{"line":12,"column":22}}},"fnMap":{"0":{"name":"classNames","decl":{"start":{"line":3,"column":9},"end":{"line":3,"column":19}},"loc":{"start":{"line":7,"column":10},"end":{"line":15,"column":1}},"line":7},"1":{"name":"(anonymous_1)","decl":{"start":{"line":11,"column":11},"end":{"line":11,"column":12}},"loc":{"start":{"line":11,"column":26},"end":{"line":11,"column":31}},"line":11},"2":{"name":"(anonymous_2)","decl":{"start":{"line":12,"column":8},"end":{"line":12,"column":9}},"loc":{"start":{"line":12,"column":19},"end":{"line":12,"column":22}},"line":12}},"branchMap":{"0":{"loc":{"start":{"line":5,"column":1},"end":{"line":5,"column":16}},"type":"default-arg","locations":[{"start":{"line":5,"column":14},"end":{"line":5,"column":16}}],"line":5},"1":{"loc":{"start":{"line":6,"column":1},"end":{"line":6,"column":26}},"type":"default-arg","locations":[{"start":{"line":6,"column":24},"end":{"line":6,"column":26}}],"line":6}},"s":{"0":377,"1":253,"2":86},"f":{"0":377,"1":253,"2":86},"b":{"0":[3],"1":[102]},"_coverageSchema":"1a1c01bbd47fc00a2c39e90264f33305004495a9","hash":"1ec7896cb015a244c6ad201f447f97273b21fa58"}
,"C:\\Users\\asror\\OneDrive\\Рабочий стол\\shodon-store\\client\\src\\shared\\lib\\useGetCatalog\\useGetCatalog.ts": {"path":"C:\\Users\\asror\\OneDrive\\Рабочий стол\\shodon-store\\client\\src\\shared\\lib\\useGetCatalog\\useGetCatalog.ts","statementMap":{"0":{"start":{"line":4,"column":22},"end":{"line":13,"column":1}},"1":{"start":{"line":5,"column":15},"end":{"line":10,"column":3}},"2":{"start":{"line":8,"column":3},"end":{"line":8,"column":56}},"3":{"start":{"line":8,"column":46},"end":{"line":8,"column":54}},"4":{"start":{"line":12,"column":1},"end":{"line":12,"column":14}}},"fnMap":{"0":{"name":"(anonymous_0)","decl":{"start":{"line":4,"column":22},"end":{"line":4,"column":23}},"loc":{"start":{"line":4,"column":28},"end":{"line":13,"column":1}},"line":4},"1":{"name":"(anonymous_1)","decl":{"start":{"line":7,"column":11},"end":{"line":7,"column":12}},"loc":{"start":{"line":7,"column":17},"end":{"line":9,"column":3}},"line":7},"2":{"name":"(anonymous_2)","decl":{"start":{"line":8,"column":39},"end":{"line":8,"column":40}},"loc":{"start":{"line":8,"column":46},"end":{"line":8,"column":54}},"line":8}},"branchMap":{},"s":{"0":7,"1":3,"2":2,"3":1,"4":3},"f":{"0":3,"1":2,"2":1},"b":{},"_coverageSchema":"1a1c01bbd47fc00a2c39e90264f33305004495a9","hash":"502df82c9c6664e62a0935427080bdfff9084937"}
,"C:\\Users\\asror\\OneDrive\\Рабочий стол\\shodon-store\\client\\src\\shared\\lib\\useGetDevices\\useGetDevices.tsx": {"path":"C:\\Users\\asror\\OneDrive\\Рабочий стол\\shodon-store\\client\\src\\shared\\lib\\useGetDevices\\useGetDevices.tsx","statementMap":{"0":{"start":{"line":5,"column":22},"end":{"line":15,"column":1}},"1":{"start":{"line":6,"column":15},"end":{"line":12,"column":3}},"2":{"start":{"line":9,"column":15},"end":{"line":9,"column":61}},"3":{"start":{"line":10,"column":3},"end":{"line":10,"column":19}},"4":{"start":{"line":14,"column":1},"end":{"line":14,"column":14}}},"fnMap":{"0":{"name":"(anonymous_0)","decl":{"start":{"line":5,"column":22},"end":{"line":5,"column":23}},"loc":{"start":{"line":5,"column":61},"end":{"line":15,"column":1}},"line":5},"1":{"name":"(anonymous_1)","decl":{"start":{"line":8,"column":11},"end":{"line":8,"column":12}},"loc":{"start":{"line":8,"column":23},"end":{"line":11,"column":3}},"line":8}},"branchMap":{},"s":{"0":7,"1":6,"2":4,"3":1,"4":6},"f":{"0":6,"1":4},"b":{},"_coverageSchema":"1a1c01bbd47fc00a2c39e90264f33305004495a9","hash":"4243e42972c61428807302da3182bd17c41feaac"}
,"C:\\Users\\asror\\OneDrive\\Рабочий стол\\shodon-store\\client\\src\\shared\\lib\\useGetFilter\\useGetFilter.tsx": {"path":"C:\\Users\\asror\\OneDrive\\Рабочий стол\\shodon-store\\client\\src\\shared\\lib\\useGetFilter\\useGetFilter.tsx","statementMap":{"0":{"start":{"line":4,"column":21},"end":{"line":14,"column":1}},"1":{"start":{"line":5,"column":15},"end":{"line":11,"column":3}},"2":{"start":{"line":8,"column":15},"end":{"line":8,"column":46}},"3":{"start":{"line":9,"column":3},"end":{"line":9,"column":19}},"4":{"start":{"line":13,"column":1},"end":{"line":13,"column":14}}},"fnMap":{"0":{"name":"(anonymous_0)","decl":{"start":{"line":4,"column":21},"end":{"line":4,"column":22}},"loc":{"start":{"line":4,"column":39},"end":{"line":14,"column":1}},"line":4},"1":{"name":"(anonymous_1)","decl":{"start":{"line":7,"column":11},"end":{"line":7,"column":12}},"loc":{"start":{"line":7,"column":23},"end":{"line":10,"column":3}},"line":7}},"branchMap":{},"s":{"0":8,"1":15,"2":4,"3":1,"4":15},"f":{"0":15,"1":4},"b":{},"_coverageSchema":"1a1c01bbd47fc00a2c39e90264f33305004495a9","hash":"15c0be9535b9efe55bc372b6108810d0c98451a0"}
,"C:\\Users\\asror\\OneDrive\\Рабочий стол\\shodon-store\\client\\src\\shared\\ui\\Button\\Button.tsx": {"path":"C:\\Users\\asror\\OneDrive\\Рабочий стол\\shodon-store\\client\\src\\shared\\ui\\Button\\Button.tsx","statementMap":{"0":{"start":{"line":16,"column":32},"end":{"line":25,"column":1}},"1":{"start":{"line":17,"column":1},"end":{"line":24,"column":3}}},"fnMap":{"0":{"name":"(anonymous_0)","decl":{"start":{"line":16,"column":32},"end":{"line":16,"column":33}},"loc":{"start":{"line":16,"column":78},"end":{"line":25,"column":1}},"line":16}},"branchMap":{},"s":{"0":17,"1":152},"f":{"0":152},"b":{},"_coverageSchema":"1a1c01bbd47fc00a2c39e90264f33305004495a9","hash":"6c24e5f385886ab2a2ca2d0eeeb50d9dcb6f8fc7"}
,"C:\\Users\\asror\\OneDrive\\Рабочий стол\\shodon-store\\client\\src\\shared\\ui\\Dropdown\\Dropdown.tsx": {"path":"C:\\Users\\asror\\OneDrive\\Рабочий стол\\shodon-store\\client\\src\\shared\\ui\\Dropdown\\Dropdown.tsx","statementMap":{"0":{"start":{"line":10,"column":36},"end":{"line":26,"column":1}},"1":{"start":{"line":11,"column":1},"end":{"line":25,"column":3}},"2":{"start":{"line":15,"column":18},"end":{"line":15,"column":42}},"3":{"start":{"line":18,"column":4},"end":{"line":22,"column":6}}},"fnMap":{"0":{"name":"(anonymous_0)","decl":{"start":{"line":10,"column":36},"end":{"line":10,"column":37}},"loc":{"start":{"line":10,"column":69},"end":{"line":26,"column":1}},"line":10},"1":{"name":"(anonymous_1)","decl":{"start":{"line":15,"column":13},"end":{"line":15,"column":14}},"loc":{"start":{"line":15,"column":18},"end":{"line":15,"column":42}},"line":15},"2":{"name":"(anonymous_2)","decl":{"start":{"line":17,"column":15},"end":{"line":17,"column":16}},"loc":{"start":{"line":17,"column":48},"end":{"line":23,"column":4}},"line":17}},"branchMap":{},"s":{"0":8,"1":11,"2":0,"3":55},"f":{"0":11,"1":0,"2":55},"b":{},"_coverageSchema":"1a1c01bbd47fc00a2c39e90264f33305004495a9","hash":"80e1e17a3486f9df9b2bb60cdf9c5959cb23e64f"}
,"C:\\Users\\asror\\OneDrive\\Рабочий стол\\shodon-store\\client\\src\\shared\\ui\\Input\\Input.tsx": {"path":"C:\\Users\\asror\\OneDrive\\Рабочий стол\\shodon-store\\client\\src\\shared\\ui\\Input\\Input.tsx","statementMap":{"0":{"start":{"line":8,"column":30},"end":{"line":16,"column":1}},"1":{"start":{"line":9,"column":1},"end":{"line":15,"column":3}}},"fnMap":{"0":{"name":"(anonymous_0)","decl":{"start":{"line":8,"column":30},"end":{"line":8,"column":31}},"loc":{"start":{"line":8,"column":59},"end":{"line":16,"column":1}},"line":8}},"branchMap":{},"s":{"0":8,"1":23},"f":{"0":23},"b":{},"_coverageSchema":"1a1c01bbd47fc00a2c39e90264f33305004495a9","hash":"84f1cbb0dc2b610cd0ce7e76025ebf0e3cc6e27d"}
,"C:\\Users\\asror\\OneDrive\\Рабочий стол\\shodon-store\\client\\src\\shared\\ui\\Spinner\\Spinner.tsx": {"path":"C:\\Users\\asror\\OneDrive\\Рабочий стол\\shodon-store\\client\\src\\shared\\ui\\Spinner\\Spinner.tsx","statementMap":{"0":{"start":{"line":9,"column":34},"end":{"line":20,"column":1}},"1":{"start":{"line":10,"column":1},"end":{"line":19,"column":3}}},"fnMap":{"0":{"name":"(anonymous_0)","decl":{"start":{"line":9,"column":34},"end":{"line":9,"column":35}},"loc":{"start":{"line":9,"column":53},"end":{"line":20,"column":1}},"line":9}},"branchMap":{},"s":{"0":7,"1":9},"f":{"0":9},"b":{},"_coverageSchema":"1a1c01bbd47fc00a2c39e90264f33305004495a9","hash":"c180c242ae672f4544c025811700445fbf19dc95"}
,"C:\\Users\\asror\\OneDrive\\Рабочий стол\\shodon-store\\client\\src\\shared\\ui\\Tab\\Tab.tsx": {"path":"C:\\Users\\asror\\OneDrive\\Рабочий стол\\shodon-store\\client\\src\\shared\\ui\\Tab\\Tab.tsx","statementMap":{"0":{"start":{"line":15,"column":26},"end":{"line":40,"column":1}},"1":{"start":{"line":16,"column":40},"end":{"line":16,"column":45}},"2":{"start":{"line":19,"column":2},"end":{"line":19,"column":22}},"3":{"start":{"line":22,"column":1},"end":{"line":39,"column":3}},"4":{"start":{"line":25,"column":4},"end":{"line":36,"column":6}},"5":{"start":{"line":31,"column":21},"end":{"line":31,"column":32}}},"fnMap":{"0":{"name":"(anonymous_0)","decl":{"start":{"line":15,"column":26},"end":{"line":15,"column":27}},"loc":{"start":{"line":15,"column":35},"end":{"line":40,"column":1}},"line":15},"1":{"name":"setTab","decl":{"start":{"line":18,"column":10},"end":{"line":18,"column":16}},"loc":{"start":{"line":18,"column":35},"end":{"line":20,"column":2}},"line":18},"2":{"name":"(anonymous_2)","decl":{"start":{"line":24,"column":29},"end":{"line":24,"column":30}},"loc":{"start":{"line":24,"column":52},"end":{"line":37,"column":4}},"line":24},"3":{"name":"(anonymous_3)","decl":{"start":{"line":31,"column":15},"end":{"line":31,"column":16}},"loc":{"start":{"line":31,"column":21},"end":{"line":31,"column":32}},"line":31}},"branchMap":{},"s":{"0":8,"1":12,"2":0,"3":12,"4":24,"5":0},"f":{"0":12,"1":0,"2":24,"3":0},"b":{},"_coverageSchema":"1a1c01bbd47fc00a2c39e90264f33305004495a9","hash":"bec5dd057fe5c8096107c07168b580ca574c41bf"}
,"C:\\Users\\asror\\OneDrive\\Рабочий стол\\shodon-store\\client\\src\\shared\\ui\\Title\\Title.tsx": {"path":"C:\\Users\\asror\\OneDrive\\Рабочий стол\\shodon-store\\client\\src\\shared\\ui\\Title\\Title.tsx","statementMap":{"0":{"start":{"line":10,"column":30},"end":{"line":19,"column":1}},"1":{"start":{"line":11,"column":1},"end":{"line":18,"column":3}}},"fnMap":{"0":{"name":"(anonymous_0)","decl":{"start":{"line":10,"column":30},"end":{"line":10,"column":31}},"loc":{"start":{"line":10,"column":59},"end":{"line":19,"column":1}},"line":10}},"branchMap":{},"s":{"0":8,"1":15},"f":{"0":15},"b":{},"_coverageSchema":"1a1c01bbd47fc00a2c39e90264f33305004495a9","hash":"6babc0acf6efe1d4507189aa2b651b13595c725f"}
,"C:\\Users\\asror\\OneDrive\\Рабочий стол\\shodon-store\\client\\src\\widgets\\Auth\\Login\\index.ts": {"path":"C:\\Users\\asror\\OneDrive\\Рабочий стол\\shodon-store\\client\\src\\widgets\\Auth\\Login\\index.ts","statementMap":{},"fnMap":{},"branchMap":{},"s":{},"f":{},"b":{},"_coverageSchema":"1a1c01bbd47fc00a2c39e90264f33305004495a9","hash":"90333f6a2575d634838daee63cdd552f0bb8a696"}
,"C:\\Users\\asror\\OneDrive\\Рабочий стол\\shodon-store\\client\\src\\widgets\\Auth\\Login\\ui\\Login.tsx": {"path":"C:\\Users\\asror\\OneDrive\\Рабочий стол\\shodon-store\\client\\src\\widgets\\Auth\\Login\\ui\\Login.tsx","statementMap":{"0":{"start":{"line":12,"column":14},"end":{"line":74,"column":1}},"1":{"start":{"line":13,"column":33},"end":{"line":13,"column":45}},"2":{"start":{"line":14,"column":33},"end":{"line":14,"column":45}},"3":{"start":{"line":15,"column":18},"end":{"line":15,"column":31}},"4":{"start":{"line":16,"column":18},"end":{"line":16,"column":31}},"5":{"start":{"line":19,"column":2},"end":{"line":19,"column":21}},"6":{"start":{"line":20,"column":14},"end":{"line":20,"column":53}},"7":{"start":{"line":22,"column":2},"end":{"line":24,"column":3}},"8":{"start":{"line":23,"column":3},"end":{"line":23,"column":43}},"9":{"start":{"line":26,"column":2},"end":{"line":38,"column":3}},"10":{"start":{"line":27,"column":3},"end":{"line":32,"column":5}},"11":{"start":{"line":34,"column":3},"end":{"line":34,"column":19}},"12":{"start":{"line":35,"column":3},"end":{"line":35,"column":19}},"13":{"start":{"line":36,"column":3},"end":{"line":36,"column":27}},"14":{"start":{"line":37,"column":3},"end":{"line":37,"column":16}},"15":{"start":{"line":41,"column":1},"end":{"line":73,"column":3}},"16":{"start":{"line":50,"column":6},"end":{"line":50,"column":33}},"17":{"start":{"line":61,"column":6},"end":{"line":61,"column":34}},"18":{"start":{"line":67,"column":18},"end":{"line":67,"column":31}}},"fnMap":{"0":{"name":"(anonymous_0)","decl":{"start":{"line":12,"column":14},"end":{"line":12,"column":15}},"loc":{"start":{"line":12,"column":20},"end":{"line":74,"column":1}},"line":12},"1":{"name":"loginClick","decl":{"start":{"line":18,"column":16},"end":{"line":18,"column":26}},"loc":{"start":{"line":18,"column":61},"end":{"line":39,"column":2}},"line":18},"2":{"name":"(anonymous_2)","decl":{"start":{"line":49,"column":15},"end":{"line":49,"column":16}},"loc":{"start":{"line":50,"column":6},"end":{"line":50,"column":33}},"line":50},"3":{"name":"(anonymous_3)","decl":{"start":{"line":60,"column":15},"end":{"line":60,"column":16}},"loc":{"start":{"line":60,"column":53},"end":{"line":62,"column":6}},"line":60},"4":{"name":"(anonymous_4)","decl":{"start":{"line":67,"column":13},"end":{"line":67,"column":14}},"loc":{"start":{"line":67,"column":18},"end":{"line":67,"column":31}},"line":67}},"branchMap":{"0":{"loc":{"start":{"line":22,"column":2},"end":{"line":24,"column":3}},"type":"if","locations":[{"start":{"line":22,"column":2},"end":{"line":24,"column":3}},{"start":{},"end":{}}],"line":22},"1":{"loc":{"start":{"line":22,"column":6},"end":{"line":22,"column":55}},"type":"binary-expr","locations":[{"start":{"line":22,"column":6},"end":{"line":22,"column":26}},{"start":{"line":22,"column":30},"end":{"line":22,"column":55}}],"line":22},"2":{"loc":{"start":{"line":26,"column":2},"end":{"line":38,"column":3}},"type":"if","locations":[{"start":{"line":26,"column":2},"end":{"line":38,"column":3}},{"start":{},"end":{}}],"line":26}},"s":{"0":7,"1":9,"2":9,"3":9,"4":9,"5":0,"6":0,"7":0,"8":0,"9":0,"10":0,"11":0,"12":0,"13":0,"14":0,"15":9,"16":0,"17":0,"18":0},"f":{"0":9,"1":0,"2":0,"3":0,"4":0},"b":{"0":[0,0],"1":[0,0],"2":[0,0]},"_coverageSchema":"1a1c01bbd47fc00a2c39e90264f33305004495a9","hash":"d3e14ba30d39395c5632407132a40054ad35d8ac"}
,"C:\\Users\\asror\\OneDrive\\Рабочий стол\\shodon-store\\client\\src\\widgets\\Auth\\Registration\\index.ts": {"path":"C:\\Users\\asror\\OneDrive\\Рабочий стол\\shodon-store\\client\\src\\widgets\\Auth\\Registration\\index.ts","statementMap":{},"fnMap":{},"branchMap":{},"s":{},"f":{},"b":{},"_coverageSchema":"1a1c01bbd47fc00a2c39e90264f33305004495a9","hash":"7d9be4eca948195dca227c4a12320db157072d6b"}
,"C:\\Users\\asror\\OneDrive\\Рабочий стол\\shodon-store\\client\\src\\widgets\\Auth\\Registration\\ui\\Registration.tsx": {"path":"C:\\Users\\asror\\OneDrive\\Рабочий стол\\shodon-store\\client\\src\\widgets\\Auth\\Registration\\ui\\Registration.tsx","statementMap":{"0":{"start":{"line":12,"column":21},"end":{"line":71,"column":1}},"1":{"start":{"line":13,"column":18},"end":{"line":13,"column":31}},"2":{"start":{"line":14,"column":33},"end":{"line":14,"column":45}},"3":{"start":{"line":15,"column":33},"end":{"line":15,"column":45}},"4":{"start":{"line":16,"column":18},"end":{"line":16,"column":31}},"5":{"start":{"line":19,"column":2},"end":{"line":19,"column":21}},"6":{"start":{"line":20,"column":14},"end":{"line":20,"column":60}},"7":{"start":{"line":22,"column":2},"end":{"line":24,"column":3}},"8":{"start":{"line":23,"column":3},"end":{"line":23,"column":43}},"9":{"start":{"line":26,"column":2},"end":{"line":35,"column":3}},"10":{"start":{"line":27,"column":3},"end":{"line":32,"column":5}},"11":{"start":{"line":33,"column":3},"end":{"line":33,"column":27}},"12":{"start":{"line":34,"column":3},"end":{"line":34,"column":17}},"13":{"start":{"line":38,"column":1},"end":{"line":70,"column":3}},"14":{"start":{"line":47,"column":6},"end":{"line":47,"column":33}},"15":{"start":{"line":58,"column":6},"end":{"line":58,"column":34}},"16":{"start":{"line":64,"column":18},"end":{"line":64,"column":38}}},"fnMap":{"0":{"name":"(anonymous_0)","decl":{"start":{"line":12,"column":21},"end":{"line":12,"column":22}},"loc":{"start":{"line":12,"column":27},"end":{"line":71,"column":1}},"line":12},"1":{"name":"registrationClick","decl":{"start":{"line":18,"column":16},"end":{"line":18,"column":33}},"loc":{"start":{"line":18,"column":49},"end":{"line":36,"column":2}},"line":18},"2":{"name":"(anonymous_2)","decl":{"start":{"line":46,"column":15},"end":{"line":46,"column":16}},"loc":{"start":{"line":47,"column":6},"end":{"line":47,"column":33}},"line":47},"3":{"name":"(anonymous_3)","decl":{"start":{"line":57,"column":15},"end":{"line":57,"column":16}},"loc":{"start":{"line":57,"column":53},"end":{"line":59,"column":6}},"line":57},"4":{"name":"(anonymous_4)","decl":{"start":{"line":64,"column":13},"end":{"line":64,"column":14}},"loc":{"start":{"line":64,"column":18},"end":{"line":64,"column":38}},"line":64}},"branchMap":{"0":{"loc":{"start":{"line":22,"column":2},"end":{"line":24,"column":3}},"type":"if","locations":[{"start":{"line":22,"column":2},"end":{"line":24,"column":3}},{"start":{},"end":{}}],"line":22},"1":{"loc":{"start":{"line":22,"column":6},"end":{"line":22,"column":55}},"type":"binary-expr","locations":[{"start":{"line":22,"column":6},"end":{"line":22,"column":26}},{"start":{"line":22,"column":30},"end":{"line":22,"column":55}}],"line":22},"2":{"loc":{"start":{"line":26,"column":2},"end":{"line":35,"column":3}},"type":"if","locations":[{"start":{"line":26,"column":2},"end":{"line":35,"column":3}},{"start":{},"end":{}}],"line":26}},"s":{"0":7,"1":2,"2":2,"3":2,"4":2,"5":0,"6":0,"7":0,"8":0,"9":0,"10":0,"11":0,"12":0,"13":2,"14":0,"15":0,"16":0},"f":{"0":2,"1":0,"2":0,"3":0,"4":0},"b":{"0":[0,0],"1":[0,0],"2":[0,0]},"_coverageSchema":"1a1c01bbd47fc00a2c39e90264f33305004495a9","hash":"8bfa42cc197feba059c83713fdaa5dc071844180"}
,"C:\\Users\\asror\\OneDrive\\Рабочий стол\\shodon-store\\client\\src\\widgets\\Modal\\index.ts": {"path":"C:\\Users\\asror\\OneDrive\\Рабочий стол\\shodon-store\\client\\src\\widgets\\Modal\\index.ts","statementMap":{},"fnMap":{},"branchMap":{},"s":{},"f":{},"b":{},"_coverageSchema":"1a1c01bbd47fc00a2c39e90264f33305004495a9","hash":"6ef733d1c2e38667ac20cb86ca091673e0493c98"}
,"C:\\Users\\asror\\OneDrive\\Рабочий стол\\shodon-store\\client\\src\\widgets\\Modal\\ui\\Modal.tsx": {"path":"C:\\Users\\asror\\OneDrive\\Рабочий стол\\shodon-store\\client\\src\\widgets\\Modal\\ui\\Modal.tsx","statementMap":{"0":{"start":{"line":23,"column":60},"end":{"line":23,"column":77}},"1":{"start":{"line":25,"column":18},"end":{"line":25,"column":50}},"2":{"start":{"line":27,"column":30},"end":{"line":71,"column":1}},"3":{"start":{"line":28,"column":19},"end":{"line":28,"column":29}},"4":{"start":{"line":29,"column":22},"end":{"line":29,"column":51}},"5":{"start":{"line":32,"column":2},"end":{"line":32,"column":17}},"6":{"start":{"line":35,"column":1},"end":{"line":40,"column":20}},"7":{"start":{"line":36,"column":2},"end":{"line":36,"column":38}},"8":{"start":{"line":37,"column":2},"end":{"line":39,"column":4}},"9":{"start":{"line":38,"column":3},"end":{"line":38,"column":39}},"10":{"start":{"line":42,"column":14},"end":{"line":44,"column":2}},"11":{"start":{"line":47,"column":2},"end":{"line":47,"column":22}},"12":{"start":{"line":50,"column":1},"end":{"line":70,"column":3}},"13":{"start":{"line":55,"column":49},"end":{"line":55,"column":64}}},"fnMap":{"0":{"name":"(anonymous_0)","decl":{"start":{"line":27,"column":30},"end":{"line":27,"column":31}},"loc":{"start":{"line":27,"column":63},"end":{"line":71,"column":1}},"line":27},"1":{"name":"closeModal","decl":{"start":{"line":31,"column":10},"end":{"line":31,"column":20}},"loc":{"start":{"line":31,"column":23},"end":{"line":33,"column":2}},"line":31},"2":{"name":"(anonymous_2)","decl":{"start":{"line":35,"column":11},"end":{"line":35,"column":12}},"loc":{"start":{"line":35,"column":17},"end":{"line":40,"column":2}},"line":35},"3":{"name":"(anonymous_3)","decl":{"start":{"line":37,"column":9},"end":{"line":37,"column":10}},"loc":{"start":{"line":37,"column":15},"end":{"line":39,"column":3}},"line":37},"4":{"name":"contentClick","decl":{"start":{"line":46,"column":10},"end":{"line":46,"column":22}},"loc":{"start":{"line":46,"column":54},"end":{"line":48,"column":2}},"line":46},"5":{"name":"(anonymous_5)","decl":{"start":{"line":55,"column":44},"end":{"line":55,"column":45}},"loc":{"start":{"line":55,"column":49},"end":{"line":55,"column":64}},"line":55}},"branchMap":{},"s":{"0":8,"1":8,"2":8,"3":0,"4":0,"5":0,"6":0,"7":0,"8":0,"9":0,"10":0,"11":0,"12":0,"13":0},"f":{"0":0,"1":0,"2":0,"3":0,"4":0,"5":0},"b":{},"_coverageSchema":"1a1c01bbd47fc00a2c39e90264f33305004495a9","hash":"6f0a9ac5b2da1e19a807ea07f34803ec589c9952"}
,"C:\\Users\\asror\\OneDrive\\Рабочий стол\\shodon-store\\client\\src\\widgets\\Navbar\\index.ts": {"path":"C:\\Users\\asror\\OneDrive\\Рабочий стол\\shodon-store\\client\\src\\widgets\\Navbar\\index.ts","statementMap":{},"fnMap":{},"branchMap":{},"s":{},"f":{},"b":{},"_coverageSchema":"1a1c01bbd47fc00a2c39e90264f33305004495a9","hash":"5392b400dd36765e315a79b837079e07acc9217c"}
,"C:\\Users\\asror\\OneDrive\\Рабочий стол\\shodon-store\\client\\src\\widgets\\Navbar\\ui\\Navbar.tsx": {"path":"C:\\Users\\asror\\OneDrive\\Рабочий стол\\shodon-store\\client\\src\\widgets\\Navbar\\ui\\Navbar.tsx","statementMap":{"0":{"start":{"line":19,"column":32},"end":{"line":49,"column":1}},"1":{"start":{"line":20,"column":19},"end":{"line":20,"column":69}},"2":{"start":{"line":20,"column":53},"end":{"line":20,"column":68}},"3":{"start":{"line":21,"column":18},"end":{"line":21,"column":31}},"4":{"start":{"line":23,"column":1},"end":{"line":48,"column":3}},"5":{"start":{"line":35,"column":52},"end":{"line":35,"column":70}}},"fnMap":{"0":{"name":"(anonymous_0)","decl":{"start":{"line":19,"column":32},"end":{"line":19,"column":33}},"loc":{"start":{"line":19,"column":51},"end":{"line":49,"column":1}},"line":19},"1":{"name":"(anonymous_1)","decl":{"start":{"line":20,"column":31},"end":{"line":20,"column":32}},"loc":{"start":{"line":20,"column":53},"end":{"line":20,"column":68}},"line":20},"2":{"name":"(anonymous_2)","decl":{"start":{"line":35,"column":46},"end":{"line":35,"column":47}},"loc":{"start":{"line":35,"column":52},"end":{"line":35,"column":70}},"line":35}},"branchMap":{"0":{"loc":{"start":{"line":29,"column":5},"end":{"line":45,"column":5}},"type":"cond-expr","locations":[{"start":{"line":30,"column":5},"end":{"line":36,"column":8}},{"start":{"line":38,"column":5},"end":{"line":44,"column":8}}],"line":29}},"s":{"0":6,"1":17,"2":32,"3":17,"4":17,"5":0},"f":{"0":17,"1":32,"2":0},"b":{"0":[0,17]},"_coverageSchema":"1a1c01bbd47fc00a2c39e90264f33305004495a9","hash":"7996458b3f8093e549beb950b47ed762957178dd"}
,"C:\\Users\\asror\\OneDrive\\Рабочий стол\\shodon-store\\client\\src\\widgets\\Products\\DeviceCard\\index.ts": {"path":"C:\\Users\\asror\\OneDrive\\Рабочий стол\\shodon-store\\client\\src\\widgets\\Products\\DeviceCard\\index.ts","statementMap":{},"fnMap":{},"branchMap":{},"s":{},"f":{},"b":{},"_coverageSchema":"1a1c01bbd47fc00a2c39e90264f33305004495a9","hash":"1ac6473f44ab3180e0f89718b60ce9c885ee4c11"}
,"C:\\Users\\asror\\OneDrive\\Рабочий стол\\shodon-store\\client\\src\\widgets\\Products\\DeviceCard\\ui\\Device.tsx": {"path":"C:\\Users\\asror\\OneDrive\\Рабочий стол\\shodon-store\\client\\src\\widgets\\Products\\DeviceCard\\ui\\Device.tsx","statementMap":{"0":{"start":{"line":17,"column":32},"end":{"line":39,"column":1}},"1":{"start":{"line":18,"column":57},"end":{"line":18,"column":64}},"2":{"start":{"line":20,"column":1},"end":{"line":38,"column":3}}},"fnMap":{"0":{"name":"(anonymous_0)","decl":{"start":{"line":17,"column":32},"end":{"line":17,"column":33}},"loc":{"start":{"line":17,"column":49},"end":{"line":39,"column":1}},"line":17}},"branchMap":{},"s":{"0":7,"1":6,"2":6},"f":{"0":6},"b":{},"_coverageSchema":"1a1c01bbd47fc00a2c39e90264f33305004495a9","hash":"3807d08aa2f93bc737d317b5200c1f9c1b6c4576"}
,"C:\\Users\\asror\\OneDrive\\Рабочий стол\\shodon-store\\client\\src\\widgets\\Sidebar\\index.ts": {"path":"C:\\Users\\asror\\OneDrive\\Рабочий стол\\shodon-store\\client\\src\\widgets\\Sidebar\\index.ts","statementMap":{},"fnMap":{},"branchMap":{},"s":{},"f":{},"b":{},"_coverageSchema":"1a1c01bbd47fc00a2c39e90264f33305004495a9","hash":"c892a5704c9271bd04dc219d02556e3dee91042e"}
,"C:\\Users\\asror\\OneDrive\\Рабочий стол\\shodon-store\\client\\src\\widgets\\Sidebar\\model\\checkFilterStatus.ts": {"path":"C:\\Users\\asror\\OneDrive\\Рабочий стол\\shodon-store\\client\\src\\widgets\\Sidebar\\model\\checkFilterStatus.ts","statementMap":{"0":{"start":{"line":8,"column":1},"end":{"line":8,"column":65}}},"fnMap":{"0":{"name":"checkFilterStatus","decl":{"start":{"line":3,"column":24},"end":{"line":3,"column":41}},"loc":{"start":{"line":7,"column":11},"end":{"line":9,"column":1}},"line":7}},"branchMap":{"0":{"loc":{"start":{"line":8,"column":8},"end":{"line":8,"column":64}},"type":"binary-expr","locations":[{"start":{"line":8,"column":8},"end":{"line":8,"column":24}},{"start":{"line":8,"column":28},"end":{"line":8,"column":64}}],"line":8}},"s":{"0":75},"f":{"0":75},"b":{"0":[75,2]},"_coverageSchema":"1a1c01bbd47fc00a2c39e90264f33305004495a9","hash":"9a8b2963587cdc17252d4d9dcd30b31db3c69795"}
,"C:\\Users\\asror\\OneDrive\\Рабочий стол\\shodon-store\\client\\src\\widgets\\Sidebar\\ui\\Attributes.tsx": {"path":"C:\\Users\\asror\\OneDrive\\Рабочий стол\\shodon-store\\client\\src\\widgets\\Sidebar\\ui\\Attributes.tsx","statementMap":{"0":{"start":{"line":18,"column":52},"end":{"line":60,"column":1}},"1":{"start":{"line":23,"column":18},"end":{"line":23,"column":29}},"2":{"start":{"line":24,"column":41},"end":{"line":24,"column":59}},"3":{"start":{"line":27,"column":2},"end":{"line":27,"column":64}},"4":{"start":{"line":27,"column":21},"end":{"line":27,"column":62}},"5":{"start":{"line":30,"column":1},"end":{"line":32,"column":2}},"6":{"start":{"line":31,"column":2},"end":{"line":31,"column":41}},"7":{"start":{"line":34,"column":1},"end":{"line":59,"column":3}},"8":{"start":{"line":37,"column":4},"end":{"line":56,"column":6}},"9":{"start":{"line":42,"column":24},"end":{"line":42,"column":70}},"10":{"start":{"line":44,"column":8},"end":{"line":52,"column":10}}},"fnMap":{"0":{"name":"(anonymous_0)","decl":{"start":{"line":18,"column":52},"end":{"line":18,"column":53}},"loc":{"start":{"line":22,"column":6},"end":{"line":60,"column":1}},"line":22},"1":{"name":"toggleAttributeHandler","decl":{"start":{"line":26,"column":10},"end":{"line":26,"column":32}},"loc":{"start":{"line":26,"column":73},"end":{"line":28,"column":2}},"line":26},"2":{"name":"(anonymous_2)","decl":{"start":{"line":27,"column":13},"end":{"line":27,"column":14}},"loc":{"start":{"line":27,"column":21},"end":{"line":27,"column":62}},"line":27},"3":{"name":"(anonymous_3)","decl":{"start":{"line":36,"column":35},"end":{"line":36,"column":36}},"loc":{"start":{"line":36,"column":69},"end":{"line":57,"column":4}},"line":36},"4":{"name":"(anonymous_4)","decl":{"start":{"line":41,"column":25},"end":{"line":41,"column":26}},"loc":{"start":{"line":41,"column":49},"end":{"line":53,"column":8}},"line":41}},"branchMap":{"0":{"loc":{"start":{"line":30,"column":1},"end":{"line":32,"column":2}},"type":"if","locations":[{"start":{"line":30,"column":1},"end":{"line":32,"column":2}},{"start":{},"end":{}}],"line":30}},"s":{"0":8,"1":17,"2":17,"3":0,"4":0,"5":17,"6":12,"7":5,"8":27,"9":72,"10":72},"f":{"0":17,"1":0,"2":0,"3":27,"4":72},"b":{"0":[12,5]},"_coverageSchema":"1a1c01bbd47fc00a2c39e90264f33305004495a9","hash":"99e06ff0fa955fcf4a44724a486637d4480b569a"}
,"C:\\Users\\asror\\OneDrive\\Рабочий стол\\shodon-store\\client\\src\\widgets\\Sidebar\\ui\\Sidebar.tsx": {"path":"C:\\Users\\asror\\OneDrive\\Рабочий стол\\shodon-store\\client\\src\\widgets\\Sidebar\\ui\\Sidebar.tsx","statementMap":{"0":{"start":{"line":20,"column":33},"end":{"line":44,"column":1}},"1":{"start":{"line":21,"column":29},"end":{"line":21,"column":46}},"2":{"start":{"line":22,"column":27},"end":{"line":22,"column":42}},"3":{"start":{"line":24,"column":1},"end":{"line":26,"column":15}},"4":{"start":{"line":25,"column":2},"end":{"line":25,"column":27}},"5":{"start":{"line":28,"column":1},"end":{"line":43,"column":3}},"6":{"start":{"line":31,"column":56},"end":{"line":31,"column":70}}},"fnMap":{"0":{"name":"(anonymous_0)","decl":{"start":{"line":20,"column":33},"end":{"line":20,"column":34}},"loc":{"start":{"line":20,"column":62},"end":{"line":44,"column":1}},"line":20},"1":{"name":"(anonymous_1)","decl":{"start":{"line":24,"column":11},"end":{"line":24,"column":12}},"loc":{"start":{"line":24,"column":17},"end":{"line":26,"column":2}},"line":24},"2":{"name":"(anonymous_2)","decl":{"start":{"line":31,"column":50},"end":{"line":31,"column":51}},"loc":{"start":{"line":31,"column":56},"end":{"line":31,"column":70}},"line":31}},"branchMap":{},"s":{"0":8,"1":17,"2":17,"3":17,"4":11,"5":17,"6":0},"f":{"0":17,"1":11,"2":0},"b":{},"_coverageSchema":"1a1c01bbd47fc00a2c39e90264f33305004495a9","hash":"5251bc9516b4ff193fe6cba519a34f5f140a0bdc"}
}
