{"C:\\Users\\asror\\OneDrive\\Рабочий стол\\shodon-store\\client\\src\\features\\toggleFilterButton\\model\\toggleAttribute.ts": {"path":"C:\\Users\\asror\\OneDrive\\Рабочий стол\\shodon-store\\client\\src\\features\\toggleFilterButton\\model\\toggleAttribute.ts","statementMap":{"0":{"start":{"line":9,"column":19},"end":{"line":9,"column":33}},"1":{"start":{"line":10,"column":32},"end":{"line":10,"column":41}},"2":{"start":{"line":12,"column":1},"end":{"line":20,"column":2}},"3":{"start":{"line":13,"column":2},"end":{"line":15,"column":8}},"4":{"start":{"line":14,"column":35},"end":{"line":14,"column":52}},"5":{"start":{"line":17,"column":2},"end":{"line":19,"column":19}},"6":{"start":{"line":22,"column":1},"end":{"line":22,"column":18}}},"fnMap":{"0":{"name":"toggleAttribute","decl":{"start":{"line":4,"column":9},"end":{"line":4,"column":24}},"loc":{"start":{"line":8,"column":14},"end":{"line":23,"column":1}},"line":8},"1":{"name":"(anonymous_1)","decl":{"start":{"line":14,"column":29},"end":{"line":14,"column":30}},"loc":{"start":{"line":14,"column":35},"end":{"line":14,"column":52}},"line":14}},"branchMap":{"0":{"loc":{"start":{"line":12,"column":1},"end":{"line":20,"column":2}},"type":"if","locations":[{"start":{"line":12,"column":1},"end":{"line":20,"column":2}},{"start":{"line":16,"column":8},"end":{"line":20,"column":2}}],"line":12},"1":{"loc":{"start":{"line":13,"column":21},"end":{"line":15,"column":7}},"type":"cond-expr","locations":[{"start":{"line":14,"column":5},"end":{"line":14,"column":53}},{"start":{"line":15,"column":5},"end":{"line":15,"column":7}}],"line":13},"2":{"loc":{"start":{"line":17,"column":21},"end":{"line":19,"column":18}},"type":"cond-expr","locations":[{"start":{"line":18,"column":5},"end":{"line":18,"column":39}},{"start":{"line":19,"column":5},"end":{"line":19,"column":18}}],"line":17}},"s":{"0":0,"1":0,"2":0,"3":0,"4":0,"5":0,"6":0},"f":{"0":0,"1":0},"b":{"0":[0,0],"1":[0,0],"2":[0,0]},"_coverageSchema":"1a1c01bbd47fc00a2c39e90264f33305004495a9","hash":"f2325a9a8813819ad491f653cfa035d809163b3d"}
,"C:\\Users\\asror\\OneDrive\\Рабочий стол\\shodon-store\\client\\src\\features\\toggleFilterButton\\ui\\toggleFilterButton.tsx": {"path":"C:\\Users\\asror\\OneDrive\\Рабочий стол\\shodon-store\\client\\src\\features\\toggleFilterButton\\ui\\toggleFilterButton.tsx","statementMap":{"0":{"start":{"line":14,"column":56},"end":{"line":31,"column":1}},"1":{"start":{"line":15,"column":65},"end":{"line":15,"column":70}},"2":{"start":{"line":17,"column":1},"end":{"line":30,"column":3}},"3":{"start":{"line":24,"column":4},"end":{"line":24,"column":60}}},"fnMap":{"0":{"name":"(anonymous_0)","decl":{"start":{"line":14,"column":56},"end":{"line":14,"column":57}},"loc":{"start":{"line":14,"column":65},"end":{"line":31,"column":1}},"line":14},"1":{"name":"(anonymous_1)","decl":{"start":{"line":23,"column":12},"end":{"line":23,"column":13}},"loc":{"start":{"line":23,"column":18},"end":{"line":25,"column":4}},"line":23}},"branchMap":{},"s":{"0":1,"1":12,"2":12,"3":0},"f":{"0":12,"1":0},"b":{},"_coverageSchema":"1a1c01bbd47fc00a2c39e90264f33305004495a9","hash":"ff92680447be6472f4f4911b5df8cdb4aeb72bdb"}
,"C:\\Users\\asror\\OneDrive\\Рабочий стол\\shodon-store\\client\\src\\shared\\api\\filterApi.ts": {"path":"C:\\Users\\asror\\OneDrive\\Рабочий стол\\shodon-store\\client\\src\\shared\\api\\filterApi.ts","statementMap":{"0":{"start":{"line":7,"column":2},"end":{"line":11,"column":5}}},"fnMap":{"0":{"name":"(anonymous_0)","decl":{"start":{"line":6,"column":1},"end":{"line":6,"column":2}},"loc":{"start":{"line":6,"column":31},"end":{"line":12,"column":2}},"line":6}},"branchMap":{},"s":{"0":0},"f":{"0":0},"b":{},"_coverageSchema":"1a1c01bbd47fc00a2c39e90264f33305004495a9","hash":"8fd8362939c83361d046a72eab12de15df80f12a"}
,"C:\\Users\\asror\\OneDrive\\Рабочий стол\\shodon-store\\client\\src\\shared\\api\\generalApi.ts": {"path":"C:\\Users\\asror\\OneDrive\\Рабочий стол\\shodon-store\\client\\src\\shared\\api\\generalApi.ts","statementMap":{"0":{"start":{"line":3,"column":25},"end":{"line":3,"column":57}},"1":{"start":{"line":7,"column":15},"end":{"line":12,"column":2}},"2":{"start":{"line":13,"column":14},"end":{"line":15,"column":3}}},"fnMap":{},"branchMap":{},"s":{"0":1,"1":1,"2":1},"f":{},"b":{},"_coverageSchema":"1a1c01bbd47fc00a2c39e90264f33305004495a9","hash":"783a78d8037f13e272b7138cdfa7946fb1ed6b80"}
,"C:\\Users\\asror\\OneDrive\\Рабочий стол\\shodon-store\\client\\src\\shared\\lib\\classNames\\classNames.ts": {"path":"C:\\Users\\asror\\OneDrive\\Рабочий стол\\shodon-store\\client\\src\\shared\\lib\\classNames\\classNames.ts","statementMap":{"0":{"start":{"line":8,"column":1},"end":{"line":14,"column":13}},"1":{"start":{"line":11,"column":26},"end":{"line":11,"column":31}},"2":{"start":{"line":12,"column":19},"end":{"line":12,"column":22}}},"fnMap":{"0":{"name":"classNames","decl":{"start":{"line":3,"column":9},"end":{"line":3,"column":19}},"loc":{"start":{"line":7,"column":10},"end":{"line":15,"column":1}},"line":7},"1":{"name":"(anonymous_1)","decl":{"start":{"line":11,"column":11},"end":{"line":11,"column":12}},"loc":{"start":{"line":11,"column":26},"end":{"line":11,"column":31}},"line":11},"2":{"name":"(anonymous_2)","decl":{"start":{"line":12,"column":8},"end":{"line":12,"column":9}},"loc":{"start":{"line":12,"column":19},"end":{"line":12,"column":22}},"line":12}},"branchMap":{"0":{"loc":{"start":{"line":5,"column":1},"end":{"line":5,"column":16}},"type":"default-arg","locations":[{"start":{"line":5,"column":14},"end":{"line":5,"column":16}}],"line":5},"1":{"loc":{"start":{"line":6,"column":1},"end":{"line":6,"column":26}},"type":"default-arg","locations":[{"start":{"line":6,"column":24},"end":{"line":6,"column":26}}],"line":6}},"s":{"0":26,"1":24,"2":12},"f":{"0":26,"1":24,"2":12},"b":{"0":[0],"1":[12]},"_coverageSchema":"1a1c01bbd47fc00a2c39e90264f33305004495a9","hash":"1ec7896cb015a244c6ad201f447f97273b21fa58"}
,"C:\\Users\\asror\\OneDrive\\Рабочий стол\\shodon-store\\client\\src\\shared\\lib\\useGetFilter\\useGetFilter.tsx": {"path":"C:\\Users\\asror\\OneDrive\\Рабочий стол\\shodon-store\\client\\src\\shared\\lib\\useGetFilter\\useGetFilter.tsx","statementMap":{"0":{"start":{"line":4,"column":21},"end":{"line":14,"column":1}},"1":{"start":{"line":5,"column":15},"end":{"line":11,"column":3}},"2":{"start":{"line":8,"column":15},"end":{"line":8,"column":46}},"3":{"start":{"line":9,"column":3},"end":{"line":9,"column":19}},"4":{"start":{"line":13,"column":1},"end":{"line":13,"column":14}}},"fnMap":{"0":{"name":"(anonymous_0)","decl":{"start":{"line":4,"column":21},"end":{"line":4,"column":22}},"loc":{"start":{"line":4,"column":39},"end":{"line":14,"column":1}},"line":4},"1":{"name":"(anonymous_1)","decl":{"start":{"line":7,"column":11},"end":{"line":7,"column":12}},"loc":{"start":{"line":7,"column":23},"end":{"line":10,"column":3}},"line":7}},"branchMap":{},"s":{"0":1,"1":0,"2":0,"3":0,"4":0},"f":{"0":0,"1":0},"b":{},"_coverageSchema":"1a1c01bbd47fc00a2c39e90264f33305004495a9","hash":"15c0be9535b9efe55bc372b6108810d0c98451a0"}
,"C:\\Users\\asror\\OneDrive\\Рабочий стол\\shodon-store\\client\\src\\shared\\ui\\Button\\Button.tsx": {"path":"C:\\Users\\asror\\OneDrive\\Рабочий стол\\shodon-store\\client\\src\\shared\\ui\\Button\\Button.tsx","statementMap":{"0":{"start":{"line":16,"column":32},"end":{"line":25,"column":1}},"1":{"start":{"line":17,"column":1},"end":{"line":24,"column":3}}},"fnMap":{"0":{"name":"(anonymous_0)","decl":{"start":{"line":16,"column":32},"end":{"line":16,"column":33}},"loc":{"start":{"line":16,"column":78},"end":{"line":25,"column":1}},"line":16}},"branchMap":{},"s":{"0":1,"1":12},"f":{"0":12},"b":{},"_coverageSchema":"1a1c01bbd47fc00a2c39e90264f33305004495a9","hash":"6c24e5f385886ab2a2ca2d0eeeb50d9dcb6f8fc7"}
,"C:\\Users\\asror\\OneDrive\\Рабочий стол\\shodon-store\\client\\src\\widgets\\Sidebar\\model\\checkFilterStatus.ts": {"path":"C:\\Users\\asror\\OneDrive\\Рабочий стол\\shodon-store\\client\\src\\widgets\\Sidebar\\model\\checkFilterStatus.ts","statementMap":{"0":{"start":{"line":8,"column":1},"end":{"line":8,"column":65}}},"fnMap":{"0":{"name":"checkFilterStatus","decl":{"start":{"line":3,"column":24},"end":{"line":3,"column":41}},"loc":{"start":{"line":7,"column":11},"end":{"line":9,"column":1}},"line":7}},"branchMap":{"0":{"loc":{"start":{"line":8,"column":8},"end":{"line":8,"column":64}},"type":"binary-expr","locations":[{"start":{"line":8,"column":8},"end":{"line":8,"column":24}},{"start":{"line":8,"column":28},"end":{"line":8,"column":64}}],"line":8}},"s":{"0":12},"f":{"0":12},"b":{"0":[12,0]},"_coverageSchema":"1a1c01bbd47fc00a2c39e90264f33305004495a9","hash":"9a8b2963587cdc17252d4d9dcd30b31db3c69795"}
,"C:\\Users\\asror\\OneDrive\\Рабочий стол\\shodon-store\\client\\src\\widgets\\Sidebar\\ui\\Sidebar.tsx": {"path":"C:\\Users\\asror\\OneDrive\\Рабочий стол\\shodon-store\\client\\src\\widgets\\Sidebar\\ui\\Sidebar.tsx","statementMap":{"0":{"start":{"line":21,"column":33},"end":{"line":67,"column":1}},"1":{"start":{"line":22,"column":29},"end":{"line":22,"column":46}},"2":{"start":{"line":23,"column":18},"end":{"line":23,"column":29}},"3":{"start":{"line":25,"column":41},"end":{"line":25,"column":59}},"4":{"start":{"line":27,"column":1},"end":{"line":27,"column":25}},"5":{"start":{"line":29,"column":1},"end":{"line":31,"column":15}},"6":{"start":{"line":30,"column":2},"end":{"line":30,"column":27}},"7":{"start":{"line":33,"column":1},"end":{"line":35,"column":2}},"8":{"start":{"line":34,"column":2},"end":{"line":34,"column":41}},"9":{"start":{"line":38,"column":2},"end":{"line":38,"column":64}},"10":{"start":{"line":38,"column":21},"end":{"line":38,"column":62}},"11":{"start":{"line":41,"column":1},"end":{"line":66,"column":3}},"12":{"start":{"line":44,"column":4},"end":{"line":63,"column":6}},"13":{"start":{"line":49,"column":24},"end":{"line":49,"column":70}},"14":{"start":{"line":51,"column":8},"end":{"line":59,"column":10}}},"fnMap":{"0":{"name":"(anonymous_0)","decl":{"start":{"line":21,"column":33},"end":{"line":21,"column":34}},"loc":{"start":{"line":21,"column":62},"end":{"line":67,"column":1}},"line":21},"1":{"name":"(anonymous_1)","decl":{"start":{"line":29,"column":11},"end":{"line":29,"column":12}},"loc":{"start":{"line":29,"column":17},"end":{"line":31,"column":2}},"line":29},"2":{"name":"toggleAttributeHandler","decl":{"start":{"line":37,"column":10},"end":{"line":37,"column":32}},"loc":{"start":{"line":37,"column":73},"end":{"line":39,"column":2}},"line":37},"3":{"name":"(anonymous_3)","decl":{"start":{"line":38,"column":13},"end":{"line":38,"column":14}},"loc":{"start":{"line":38,"column":21},"end":{"line":38,"column":62}},"line":38},"4":{"name":"(anonymous_4)","decl":{"start":{"line":43,"column":35},"end":{"line":43,"column":36}},"loc":{"start":{"line":43,"column":69},"end":{"line":64,"column":4}},"line":43},"5":{"name":"(anonymous_5)","decl":{"start":{"line":48,"column":25},"end":{"line":48,"column":26}},"loc":{"start":{"line":48,"column":49},"end":{"line":60,"column":8}},"line":48}},"branchMap":{"0":{"loc":{"start":{"line":33,"column":1},"end":{"line":35,"column":2}},"type":"if","locations":[{"start":{"line":33,"column":1},"end":{"line":35,"column":2}},{"start":{},"end":{}}],"line":33}},"s":{"0":1,"1":2,"2":2,"3":2,"4":2,"5":2,"6":1,"7":2,"8":0,"9":0,"10":0,"11":2,"12":6,"13":12,"14":12},"f":{"0":2,"1":1,"2":0,"3":0,"4":6,"5":12},"b":{"0":[0,2]},"_coverageSchema":"1a1c01bbd47fc00a2c39e90264f33305004495a9","hash":"2c44649c0410b100fef956784baa684689975d34"}
}
