TN:
SF:src\features\toggleFilterButton\model\toggleAttribute.ts
FN:4,toggleAttribute
FN:14,(anonymous_1)
FNF:2
FNH:0
FNDA:0,toggleAttribute
FNDA:0,(anonymous_1)
DA:9,0
DA:10,0
DA:12,0
DA:13,0
DA:14,0
DA:17,0
DA:22,0
LF:7
LH:0
BRDA:12,0,0,0
BRDA:12,0,1,0
BRDA:13,1,0,0
BRDA:13,1,1,0
BRDA:17,2,0,0
BRDA:17,2,1,0
BRF:6
BRH:0
end_of_record
TN:
SF:src\features\toggleFilterButton\ui\toggleFilterButton.tsx
FN:14,(anonymous_0)
FN:23,(anonymous_1)
FNF:2
FNH:1
FNDA:12,(anonymous_0)
FNDA:0,(anonymous_1)
DA:14,1
DA:15,12
DA:17,12
DA:24,0
LF:4
LH:3
BRF:0
BRH:0
end_of_record
TN:
SF:src\shared\api\filterApi.ts
FN:6,(anonymous_0)
FNF:1
FNH:0
FNDA:0,(anonymous_0)
DA:7,0
LF:1
LH:0
BRF:0
BRH:0
end_of_record
TN:
SF:src\shared\api\generalApi.ts
FNF:0
FNH:0
DA:3,1
DA:7,1
DA:13,1
LF:3
LH:3
BRF:0
BRH:0
end_of_record
TN:
SF:src\shared\lib\classNames\classNames.ts
FN:3,classNames
FN:11,(anonymous_1)
FN:12,(anonymous_2)
FNF:3
FNH:3
FNDA:26,classNames
FNDA:24,(anonymous_1)
FNDA:12,(anonymous_2)
DA:8,26
DA:11,24
DA:12,12
LF:3
LH:3
BRDA:5,0,0,0
BRDA:6,1,0,12
BRF:2
BRH:1
end_of_record
TN:
SF:src\shared\lib\useGetFilter\useGetFilter.tsx
FN:4,(anonymous_0)
FN:7,(anonymous_1)
FNF:2
FNH:0
FNDA:0,(anonymous_0)
FNDA:0,(anonymous_1)
DA:4,1
DA:5,0
DA:8,0
DA:9,0
DA:13,0
LF:5
LH:1
BRF:0
BRH:0
end_of_record
TN:
SF:src\shared\ui\Button\Button.tsx
FN:16,(anonymous_0)
FNF:1
FNH:1
FNDA:12,(anonymous_0)
DA:16,1
DA:17,12
LF:2
LH:2
BRF:0
BRH:0
end_of_record
TN:
SF:src\widgets\Sidebar\model\checkFilterStatus.ts
FN:3,checkFilterStatus
FNF:1
FNH:1
FNDA:12,checkFilterStatus
DA:8,12
LF:1
LH:1
BRDA:8,0,0,12
BRDA:8,0,1,0
BRF:2
BRH:1
end_of_record
TN:
SF:src\widgets\Sidebar\ui\Sidebar.tsx
FN:21,(anonymous_0)
FN:29,(anonymous_1)
FN:37,toggleAttributeHandler
FN:38,(anonymous_3)
FN:43,(anonymous_4)
FN:48,(anonymous_5)
FNF:6
FNH:4
FNDA:2,(anonymous_0)
FNDA:1,(anonymous_1)
FNDA:0,toggleAttributeHandler
FNDA:0,(anonymous_3)
FNDA:6,(anonymous_4)
FNDA:12,(anonymous_5)
DA:21,1
DA:22,2
DA:23,2
DA:25,2
DA:27,2
DA:29,2
DA:30,1
DA:33,2
DA:34,0
DA:38,0
DA:41,2
DA:44,6
DA:49,12
DA:51,12
LF:14
LH:12
BRDA:33,0,0,0
BRDA:33,0,1,2
BRF:2
BRH:1
end_of_record
